Using pre-set license
Built from '6000.0/staging' branch; Version is '6000.0.42f1 (feb9a7235030) revision 16693671'; Using compiler version '193933523'; Build Type 'Release'
OS: 'Windows 10  (10.0.19045) 64bit Core' Language: 'en' Physical Memory: 32555 MB
BatchMode: 1, IsHumanControllingUs: 0, StartBugReporterOnCrash: 0, Is64bit: 1, IsPro: 1

COMMAND LINE ARGUMENTS:
D:\6000.0.42f1\Editor\Unity.exe
-adb2
-batchMode
-noUpm
-name
AssetImportWorker0
-projectPath
D:/Phantom-Pixel/Phantom Pixel
-logFile
Logs/AssetImportWorker0.log
-srvPort
54479
-job-worker-count
9
-background-job-worker-count
8
-gc-helper-count
1
Successfully changed project path to: D:/Phantom-Pixel/Phantom Pixel
D:/Phantom-Pixel/Phantom Pixel
[UnityMemory] Configuration Parameters - Can be set up in boot.config
    "memorysetup-bucket-allocator-granularity=16"
    "memorysetup-bucket-allocator-bucket-count=8"
    "memorysetup-bucket-allocator-block-size=33554432"
    "memorysetup-bucket-allocator-block-count=8"
    "memorysetup-main-allocator-block-size=16777216"
    "memorysetup-thread-allocator-block-size=16777216"
    "memorysetup-gfx-main-allocator-block-size=16777216"
    "memorysetup-gfx-thread-allocator-block-size=16777216"
    "memorysetup-cache-allocator-block-size=4194304"
    "memorysetup-typetree-allocator-block-size=2097152"
    "memorysetup-profiler-bucket-allocator-granularity=16"
    "memorysetup-profiler-bucket-allocator-bucket-count=8"
    "memorysetup-profiler-bucket-allocator-block-size=33554432"
    "memorysetup-profiler-bucket-allocator-block-count=8"
    "memorysetup-profiler-allocator-block-size=16777216"
    "memorysetup-profiler-editor-allocator-block-size=1048576"
    "memorysetup-temp-allocator-size-main=16777216"
    "memorysetup-job-temp-allocator-block-size=2097152"
    "memorysetup-job-temp-allocator-block-size-background=1048576"
    "memorysetup-job-temp-allocator-reduction-small-platforms=262144"
    "memorysetup-allocator-temp-initial-block-size-main=262144"
    "memorysetup-allocator-temp-initial-block-size-worker=262144"
    "memorysetup-temp-allocator-size-background-worker=32768"
    "memorysetup-temp-allocator-size-job-worker=262144"
    "memorysetup-temp-allocator-size-preload-manager=33554432"
    "memorysetup-temp-allocator-size-nav-mesh-worker=65536"
    "memorysetup-temp-allocator-size-audio-worker=65536"
    "memorysetup-temp-allocator-size-cloud-worker=32768"
    "memorysetup-temp-allocator-size-gi-baking-worker=262144"
    "memorysetup-temp-allocator-size-gi-baking-worker=262144"
    "memorysetup-temp-allocator-size-gi-baking-worker=262144"
    "memorysetup-temp-allocator-size-gi-baking-worker=262144"
    "memorysetup-temp-allocator-size-gi-baking-worker=262144"
    "memorysetup-temp-allocator-size-gfx=262144"
Player connection [26064]  Target information:

Player connection [26064]  * "[IP] 172.20.16.186 [Port] 0 [Flags] 2 [Guid] 1224956520 [EditorId] 1224956520 [Version] 1048832 [Id] WindowsEditor(7,DESKTOP-8KTVPCA) [Debug] 1 [PackageName] WindowsEditor [ProjectName] Editor" 

Player connection [26064] Host joined multi-casting on [225.0.0.222:54997]...
Player connection [26064] Host joined alternative multi-casting on [225.0.0.222:34997]...
JobSystem: Creating JobQueue using job-worker-count value 9
Input System module state changed to: Initialized.
[Physics::Module] Initialized fallback backend.
[Physics::Module] Id: 0xdecafbad
Library Redirect Path: Library/
[Physics::Module] Selected backend.
[Physics::Module] Name: PhysX
[Physics::Module] Id: 0xf2b8ea05
[Physics::Module] SDK Version: 4.1.2
[Physics::Module] Integration Version: 1.0.0
[Physics::Module] Threading Mode: Multi-Threaded
Refreshing native plugins compatible for Editor in 2.10 ms, found 3 plugins.
Preloading 0 native plugins for Editor in 0.00 ms.
Initialize engine version: 6000.0.42f1 (feb9a7235030)
[Subsystems] Discovering subsystems at path D:/6000.0.42f1/Editor/Data/Resources/UnitySubsystems
[Subsystems] Discovering subsystems at path D:/Phantom-Pixel/Phantom Pixel/Assets
GfxDevice: creating device client; kGfxThreadingModeNonThreaded
Direct3D:
    Version:  Direct3D 11.0 [level 11.1]
    Renderer: NVIDIA GeForce RTX 4070 (ID=0x2786)
    Vendor:   NVIDIA
    VRAM:     12012 MB
    Driver:   32.0.15.7283
Initialize mono
Mono path[0] = 'D:/6000.0.42f1/Editor/Data/Managed'
Mono path[1] = 'D:/6000.0.42f1/Editor/Data/MonoBleedingEdge/lib/mono/unityjit-win32'
Mono config path = 'D:/6000.0.42f1/Editor/Data/MonoBleedingEdge/etc'
Using monoOptions --debugger-agent=transport=dt_socket,embedding=1,server=y,suspend=n,address=127.0.0.1:56748
Begin MonoManager ReloadAssembly
Registering precompiled unity dll's ...
Register platform support module: D:/6000.0.42f1/Editor/Data/PlaybackEngines/WindowsStandaloneSupport/UnityEditor.WindowsStandalone.Extensions.dll
Registered in 0.003101 seconds.
- Loaded All Assemblies, in  0.459 seconds
Native extension for WindowsStandalone target not found
Mono: successfully reloaded assembly
- Finished resetting the current domain, in  0.380 seconds
Domain Reload Profiling: 839ms
	BeginReloadAssembly (176ms)
		ExecutionOrderSort (0ms)
		DisableScriptedObjects (0ms)
		BackupInstance (0ms)
		ReleaseScriptingObjects (0ms)
		CreateAndSetChildDomain (1ms)
	RebuildCommonClasses (41ms)
	RebuildNativeTypeToScriptingClass (14ms)
	initialDomainReloadingComplete (52ms)
	LoadAllAssembliesAndSetupDomain (176ms)
		LoadAssemblies (175ms)
		RebuildTransferFunctionScriptingTraits (0ms)
		AnalyzeDomain (172ms)
			TypeCache.Refresh (171ms)
				TypeCache.ScanAssembly (156ms)
			BuildScriptInfoCaches (0ms)
			ResolveRequiredComponents (0ms)
	FinalizeReload (381ms)
		ReleaseScriptCaches (0ms)
		RebuildScriptCaches (0ms)
		SetupLoadedEditorAssemblies (328ms)
			LogAssemblyErrors (0ms)
			InitializePlatformSupportModulesInManaged (29ms)
			SetLoadedEditorAssemblies (5ms)
			BeforeProcessingInitializeOnLoad (63ms)
			ProcessInitializeOnLoadAttributes (168ms)
			ProcessInitializeOnLoadMethodAttributes (62ms)
			AfterProcessingInitializeOnLoad (0ms)
			EditorAssembliesLoaded (0ms)
		ExecutionOrderSort2 (0ms)
		AwakeInstancesAfterBackupRestoration (0ms)
Assembly reference Packages/com.unity.cinemachine/Editor/Samples/ExposeHDRPInternals/HDRP-Editor-ref.asmref has no target assembly definition
========================================================================
Worker process is ready to serve import requests
Import Worker Mode flag is 0x00
Assembly reference Packages/com.unity.cinemachine/Editor/Samples/ExposeHDRPInternals/HDRP-Editor-ref.asmref has no target assembly definition
Assembly reference Packages/com.unity.cinemachine/Editor/Samples/ExposeHDRPInternals/HDRP-Editor-ref.asmref has no target assembly definition
Begin MonoManager ReloadAssembly
- Loaded All Assemblies, in  0.906 seconds
Assembly reference Packages/com.unity.cinemachine/Editor/Samples/ExposeHDRPInternals/HDRP-Editor-ref.asmref has no target assembly definition
'Packages/com.unity.cinemachine/Editor/Obsolete/CinemachineVirtualCameraBaseEditor.cs' contains partial class of Unity.Object, exactly 1 of the partial classes needs to be in a file with the same filename. This is to know the one that can be referenced from ie. GameObjects
'Packages/com.unity.cinemachine/Editor/Editors/CinemachineVirtualCameraBaseEditor.cs' contains partial class of Unity.Object, exactly 1 of the partial classes needs to be in a file with the same filename. This is to know the one that can be referenced from ie. GameObjects
Refreshing native plugins compatible for Editor in 1.18 ms, found 3 plugins.
Native extension for WindowsStandalone target not found
Assembly reference Packages/com.unity.cinemachine/Editor/Samples/ExposeHDRPInternals/HDRP-Editor-ref.asmref has no target assembly definition
Package Manager log level set to [2]
[Package Manager] Failed to launch server process. Reason: Unity was launched with the -noUpm command-line argument
[Package Manager] Unable to send message (not connected to server process).
[Package Manager] Cannot connect to Unity Package Manager local server
Mono: successfully reloaded assembly
- Finished resetting the current domain, in  0.878 seconds
Domain Reload Profiling: 1783ms
	BeginReloadAssembly (218ms)
		ExecutionOrderSort (0ms)
		DisableScriptedObjects (7ms)
		BackupInstance (0ms)
		ReleaseScriptingObjects (0ms)
		CreateAndSetChildDomain (29ms)
	RebuildCommonClasses (42ms)
	RebuildNativeTypeToScriptingClass (15ms)
	initialDomainReloadingComplete (44ms)
	LoadAllAssembliesAndSetupDomain (586ms)
		LoadAssemblies (421ms)
		RebuildTransferFunctionScriptingTraits (0ms)
		AnalyzeDomain (310ms)
			TypeCache.Refresh (218ms)
				TypeCache.ScanAssembly (199ms)
			BuildScriptInfoCaches (73ms)
			ResolveRequiredComponents (16ms)
	FinalizeReload (879ms)
		ReleaseScriptCaches (0ms)
		RebuildScriptCaches (0ms)
		SetupLoadedEditorAssemblies (685ms)
			LogAssemblyErrors (0ms)
			InitializePlatformSupportModulesInManaged (3ms)
			SetLoadedEditorAssemblies (6ms)
			BeforeProcessingInitializeOnLoad (111ms)
			ProcessInitializeOnLoadAttributes (446ms)
			ProcessInitializeOnLoadMethodAttributes (117ms)
			AfterProcessingInitializeOnLoad (2ms)
			EditorAssembliesLoaded (0ms)
		ExecutionOrderSort2 (0ms)
		AwakeInstancesAfterBackupRestoration (7ms)
Launched and connected shader compiler UnityShaderCompiler.exe after 0.01 seconds
Refreshing native plugins compatible for Editor in 1.42 ms, found 3 plugins.
Preloading 0 native plugins for Editor in 0.00 ms.
Unloading 215 Unused Serialized files (Serialized files now loaded: 0)
Unloading 6470 unused Assets / (4.9 MB). Loaded Objects now: 7179.
Memory consumption went from 190.4 MB to 185.6 MB.
Total: 9.566900 ms (FindLiveObjects: 0.868900 ms CreateObjectMapping: 0.632500 ms MarkObjects: 5.683400 ms  DeleteObjects: 2.380200 ms)

========================================================================
Received Import Request.
  Time since last request: 23519.944203 seconds.
  path: Assets/Art/Jenna's Assets/window 2.0.fbx
  artifactKey: Guid(f16f7a6503fbc3341919cef32bdb801a) Importer(815301076,1909f56bfc062723c751e8b465ee728b)
Start importing Assets/Art/Jenna's Assets/window 2.0.fbx using Guid(f16f7a6503fbc3341919cef32bdb801a) Importer(815301076,1909f56bfc062723c751e8b465ee728b) (PreviewImporter) -> (artifact id: 'dbcef95ecae926b5990498a6d7a51595') in 0.7540826 seconds
Number of updated asset objects reloaded before import = 0Number of asset objects unloaded after import = 16

========================================================================
Received Import Request.
  Time since last request: 2.489778 seconds.
  path: Assets/Art/Hunter's Assets/bomb/bomb.mat
  artifactKey: Guid(7c3ee808a26cc2c4081ad96b5d608627) Importer(815301076,1909f56bfc062723c751e8b465ee728b)
Start importing Assets/Art/Hunter's Assets/bomb/bomb.mat using Guid(7c3ee808a26cc2c4081ad96b5d608627) Importer(815301076,1909f56bfc062723c751e8b465ee728b) (PreviewImporter) -> (artifact id: '06acac081b1cd8b350ff7e16f9f93276') in 0.0277806 seconds
Number of updated asset objects reloaded before import = 0Number of asset objects unloaded after import = 4

========================================================================
Received Import Request.
  Time since last request: 0.000027 seconds.
  path: Assets/Resources/3D Rule Tiles/Models/Seamless Tiles/Middle Corner with Side.obj
  artifactKey: Guid(aa631b2ea8ae7304888f3d7bdb364302) Importer(815301076,1909f56bfc062723c751e8b465ee728b)
Start importing Assets/Resources/3D Rule Tiles/Models/Seamless Tiles/Middle Corner with Side.obj using Guid(aa631b2ea8ae7304888f3d7bdb364302) Importer(815301076,1909f56bfc062723c751e8b465ee728b) (PreviewImporter) -> (artifact id: '52ddf6454136112dba311789e8ec44ef') in 0.0257519 seconds
Number of updated asset objects reloaded before import = 0Number of asset objects unloaded after import = 10

========================================================================
Received Import Request.
  Time since last request: 0.000037 seconds.
  path: Assets/Resources/3D Rule Tiles/Models/Seamless Tiles/Flipped Side Beveled Cube.obj
  artifactKey: Guid(1daabf958fd591242a986dcbada3e9bb) Importer(815301076,1909f56bfc062723c751e8b465ee728b)
Start importing Assets/Resources/3D Rule Tiles/Models/Seamless Tiles/Flipped Side Beveled Cube.obj using Guid(1daabf958fd591242a986dcbada3e9bb) Importer(815301076,1909f56bfc062723c751e8b465ee728b) (PreviewImporter) -> (artifact id: '791883e269d13024cdc0f781bc734d8e') in 0.0258226 seconds
Number of updated asset objects reloaded before import = 0Number of asset objects unloaded after import = 10

========================================================================
Received Import Request.
  Time since last request: 0.000022 seconds.
  path: Assets/Resources/3D Rule Tiles/Models/Seamless Tiles/Middle Corner 4 Beveled Cube.obj
  artifactKey: Guid(54f5da85b84c2404c9cc637364bcfbef) Importer(815301076,1909f56bfc062723c751e8b465ee728b)
Start importing Assets/Resources/3D Rule Tiles/Models/Seamless Tiles/Middle Corner 4 Beveled Cube.obj using Guid(54f5da85b84c2404c9cc637364bcfbef) Importer(815301076,1909f56bfc062723c751e8b465ee728b) (PreviewImporter) -> (artifact id: '14dd4465fe431fa45e7ac8a88e99216e') in 0.0253958 seconds
Number of updated asset objects reloaded before import = 0Number of asset objects unloaded after import = 10

========================================================================
Received Import Request.
  Time since last request: 0.000024 seconds.
  path: Assets/Resources/3D Rule Tiles/Materials/Dirt Triplanar.mat
  artifactKey: Guid(bc1689a4aa5db044380e6a29c4c7cb1d) Importer(815301076,1909f56bfc062723c751e8b465ee728b)
Start importing Assets/Resources/3D Rule Tiles/Materials/Dirt Triplanar.mat using Guid(bc1689a4aa5db044380e6a29c4c7cb1d) Importer(815301076,1909f56bfc062723c751e8b465ee728b) (PreviewImporter) -> (artifact id: '37412c5c0702a538effb07e36b3d4fe8') in 0.0357199 seconds
Number of updated asset objects reloaded before import = 0Number of asset objects unloaded after import = 8

========================================================================
Received Import Request.
  Time since last request: 0.000024 seconds.
  path: Assets/Art/Hunter's Assets/Glass/Flask 2.obj
  artifactKey: Guid(4b0af916573ba814aa917ceb2c7a13c2) Importer(815301076,1909f56bfc062723c751e8b465ee728b)
Start importing Assets/Art/Hunter's Assets/Glass/Flask 2.obj using Guid(4b0af916573ba814aa917ceb2c7a13c2) Importer(815301076,1909f56bfc062723c751e8b465ee728b) (PreviewImporter) -> (artifact id: '4fd38961b8a86b102cc0c220f99b532c') in 0.0257713 seconds
Number of updated asset objects reloaded before import = 0Number of asset objects unloaded after import = 10

========================================================================
Received Import Request.
  Time since last request: 0.000026 seconds.
  path: Assets/Resources/3D Rule Tiles/Models/Stair Collider.obj
  artifactKey: Guid(e3ea40b71a67c0847b2ba1bd5c1eea45) Importer(815301076,1909f56bfc062723c751e8b465ee728b)
Start importing Assets/Resources/3D Rule Tiles/Models/Stair Collider.obj using Guid(e3ea40b71a67c0847b2ba1bd5c1eea45) Importer(815301076,1909f56bfc062723c751e8b465ee728b) (PreviewImporter) -> (artifact id: 'a4bcee1fe4fddcb67eb293127488aaa5') in 0.0268032 seconds
Number of updated asset objects reloaded before import = 0Number of asset objects unloaded after import = 10

========================================================================
Received Import Request.
  Time since last request: 0.000056 seconds.
  path: Assets/Art/Hunter's Assets/Floor Broken/Broken_floor.mat
  artifactKey: Guid(5a21d46ad64aa3a4d90bee793d522b9b) Importer(815301076,1909f56bfc062723c751e8b465ee728b)
Start importing Assets/Art/Hunter's Assets/Floor Broken/Broken_floor.mat using Guid(5a21d46ad64aa3a4d90bee793d522b9b) Importer(815301076,1909f56bfc062723c751e8b465ee728b) (PreviewImporter) -> (artifact id: '4eefee7079705db42fdfb82afd89b366') in 3.4050486 seconds
Number of updated asset objects reloaded before import = 0Number of asset objects unloaded after import = 4

========================================================================
Received Import Request.
  Time since last request: 0.000030 seconds.
  path: Assets/Art/Hunter's Assets/Floor Broken/Floor Broken.obj
  artifactKey: Guid(128fd29ef6ba2f54ea362dc42bb2a017) Importer(815301076,1909f56bfc062723c751e8b465ee728b)
Start importing Assets/Art/Hunter's Assets/Floor Broken/Floor Broken.obj using Guid(128fd29ef6ba2f54ea362dc42bb2a017) Importer(815301076,1909f56bfc062723c751e8b465ee728b) (PreviewImporter) -> (artifact id: '7969fdc3cceb6ebcceb5debae670a2d1') in 0.0283542 seconds
Number of updated asset objects reloaded before import = 0Number of asset objects unloaded after import = 10

========================================================================
Received Import Request.
  Time since last request: 0.000038 seconds.
  path: Assets/Art/Hunter's Assets/pipe solid L/pile solid L.obj
  artifactKey: Guid(62a343b20bf97544d86b7611238729f3) Importer(815301076,1909f56bfc062723c751e8b465ee728b)
Start importing Assets/Art/Hunter's Assets/pipe solid L/pile solid L.obj using Guid(62a343b20bf97544d86b7611238729f3) Importer(815301076,1909f56bfc062723c751e8b465ee728b) (PreviewImporter) -> (artifact id: '91d77b2ed341e5539c17e3f0cd61419f') in 0.0296546 seconds
Number of updated asset objects reloaded before import = 0Number of asset objects unloaded after import = 10

========================================================================
Received Import Request.
  Time since last request: 0.000025 seconds.
  path: Assets/Resources/3D Rule Tiles/Materials/Brick Triplanar 1.mat
  artifactKey: Guid(94afa914a1a1a8545a67c29c4dd113ab) Importer(815301076,1909f56bfc062723c751e8b465ee728b)
Start importing Assets/Resources/3D Rule Tiles/Materials/Brick Triplanar 1.mat using Guid(94afa914a1a1a8545a67c29c4dd113ab) Importer(815301076,1909f56bfc062723c751e8b465ee728b) (PreviewImporter) -> (artifact id: 'ede764c2a8d7ed6c3db04d439f30bda5') in 0.0186585 seconds
Number of updated asset objects reloaded before import = 0Number of asset objects unloaded after import = 7

========================================================================
Received Import Request.
  Time since last request: 0.000027 seconds.
  path: Assets/Art/Hunter's Assets/Carpet/Carpet Dirt/Dirt Stars/Carpet_Dirt_star.mat
  artifactKey: Guid(11bad1840041c444383a14947d006179) Importer(815301076,1909f56bfc062723c751e8b465ee728b)
Start importing Assets/Art/Hunter's Assets/Carpet/Carpet Dirt/Dirt Stars/Carpet_Dirt_star.mat using Guid(11bad1840041c444383a14947d006179) Importer(815301076,1909f56bfc062723c751e8b465ee728b) (PreviewImporter) -> (artifact id: '0c979d10646e5a29e553f185698c76a1') in 0.0359724 seconds
Number of updated asset objects reloaded before import = 0Number of asset objects unloaded after import = 4

========================================================================
Received Import Request.
  Time since last request: 0.000025 seconds.
  path: Assets/Art/Hunter's Assets/Carpet/Carpet Blank/Carpet Stars/Carpet_rouph_stars.mat
  artifactKey: Guid(215103dbd96a3494bbbb534fe117cb57) Importer(815301076,1909f56bfc062723c751e8b465ee728b)
Start importing Assets/Art/Hunter's Assets/Carpet/Carpet Blank/Carpet Stars/Carpet_rouph_stars.mat using Guid(215103dbd96a3494bbbb534fe117cb57) Importer(815301076,1909f56bfc062723c751e8b465ee728b) (PreviewImporter) -> (artifact id: '6066c8ccfff061841918d3e7fcb67818') in 0.0225853 seconds
Number of updated asset objects reloaded before import = 0Number of asset objects unloaded after import = 4

========================================================================
Received Import Request.
  Time since last request: 0.000030 seconds.
  path: Assets/Resources/3D Rule Tiles/Models/Seamless Tiles/Middle Beveled Cube.obj
  artifactKey: Guid(3913def5f58616542bf5934a17c97f2b) Importer(815301076,1909f56bfc062723c751e8b465ee728b)
Start importing Assets/Resources/3D Rule Tiles/Models/Seamless Tiles/Middle Beveled Cube.obj using Guid(3913def5f58616542bf5934a17c97f2b) Importer(815301076,1909f56bfc062723c751e8b465ee728b) (PreviewImporter) -> (artifact id: '4f14d9eb090019190d81fe7c480c69b9') in 0.0289608 seconds
Number of updated asset objects reloaded before import = 0Number of asset objects unloaded after import = 10

========================================================================
Received Import Request.
  Time since last request: 0.000039 seconds.
  path: Assets/Art/Hunter's Assets/Button 1/Button.mat
  artifactKey: Guid(8390e87be1a3d384ab7723f4fa991407) Importer(815301076,1909f56bfc062723c751e8b465ee728b)
Start importing Assets/Art/Hunter's Assets/Button 1/Button.mat using Guid(8390e87be1a3d384ab7723f4fa991407) Importer(815301076,1909f56bfc062723c751e8b465ee728b) (PreviewImporter) -> (artifact id: '3e74990fce703b9a5929018548587e0f') in 3.3727453 seconds
Number of updated asset objects reloaded before import = 0Number of asset objects unloaded after import = 1

Editor requested this worker to shutdown with reason: Scaling down because of idle timeout
AssetImportWorkerClient::OnTransportError - code=2 error=End of file
AssetImportWorker is now disconnected from the server
Process exiting
Exiting without the bug reporter. Application will terminate with return code 0