Using pre-set license
Built from '6000.0/staging' branch; Version is '6000.0.42f1 (feb9a7235030) revision 16693671'; Using compiler version '193933523'; Build Type 'Release'
OS: 'Windows 11  (10.0.22631) 64bit Core' Language: 'en' Physical Memory: 16244 MB
BatchMode: 1, IsHumanControllingUs: 0, StartBugReporterOnCrash: 0, Is64bit: 1, IsPro: 1

COMMAND LINE ARGUMENTS:
D:\Unity Installs\Unity 6000.0.42f1\Editor\Unity.exe
-adb2
-batchMode
-noUpm
-name
AssetImportWorker4
-projectPath
D:/Github/Unity Projects/Phantom-Pixel/Phantom Pixel
-logFile
Logs/AssetImportWorker4.log
-srvPort
59917
-job-worker-count
7
-background-job-worker-count
8
-gc-helper-count
1
Successfully changed project path to: D:/Github/Unity Projects/Phantom-Pixel/Phantom Pixel
D:/Github/Unity Projects/Phantom-Pixel/Phantom Pixel
[UnityMemory] Configuration Parameters - Can be set up in boot.config
    "memorysetup-bucket-allocator-granularity=16"
    "memorysetup-bucket-allocator-bucket-count=8"
    "memorysetup-bucket-allocator-block-size=33554432"
    "memorysetup-bucket-allocator-block-count=8"
    "memorysetup-main-allocator-block-size=16777216"
    "memorysetup-thread-allocator-block-size=16777216"
    "memorysetup-gfx-main-allocator-block-size=16777216"
    "memorysetup-gfx-thread-allocator-block-size=16777216"
    "memorysetup-cache-allocator-block-size=4194304"
    "memorysetup-typetree-allocator-block-size=2097152"
    "memorysetup-profiler-bucket-allocator-granularity=16"
    "memorysetup-profiler-bucket-allocator-bucket-count=8"
    "memorysetup-profiler-bucket-allocator-block-size=33554432"
    "memorysetup-profiler-bucket-allocator-block-count=8"
    "memorysetup-profiler-allocator-block-size=16777216"
    "memorysetup-profiler-editor-allocator-block-size=1048576"
    "memorysetup-temp-allocator-size-main=16777216"
    "memorysetup-job-temp-allocator-block-size=2097152"
    "memorysetup-job-temp-allocator-block-size-background=1048576"
    "memorysetup-job-temp-allocator-reduction-small-platforms=262144"
    "memorysetup-allocator-temp-initial-block-size-main=262144"
    "memorysetup-allocator-temp-initial-block-size-worker=262144"
    "memorysetup-temp-allocator-size-background-worker=32768"
    "memorysetup-temp-allocator-size-job-worker=262144"
    "memorysetup-temp-allocator-size-preload-manager=33554432"
    "memorysetup-temp-allocator-size-nav-mesh-worker=65536"
    "memorysetup-temp-allocator-size-audio-worker=65536"
    "memorysetup-temp-allocator-size-cloud-worker=32768"
    "memorysetup-temp-allocator-size-gi-baking-worker=262144"
    "memorysetup-temp-allocator-size-gi-baking-worker=262144"
    "memorysetup-temp-allocator-size-gi-baking-worker=262144"
    "memorysetup-temp-allocator-size-gi-baking-worker=262144"
    "memorysetup-temp-allocator-size-gi-baking-worker=262144"
    "memorysetup-temp-allocator-size-gfx=262144"
Player connection [36064]  Target information:

Player connection [36064]  * "[IP] 192.168.4.21 [Port] 0 [Flags] 2 [Guid] 1172035012 [EditorId] 1172035012 [Version] 1048832 [Id] WindowsEditor(7,DESKTOP-FQ14130) [Debug] 1 [PackageName] WindowsEditor [ProjectName] Editor" 

Player connection [36064] Host joined multi-casting on [225.0.0.222:54997]...
Player connection [36064] Host joined alternative multi-casting on [225.0.0.222:34997]...
JobSystem: Creating JobQueue using job-worker-count value 7
Input System module state changed to: Initialized.
[Physics::Module] Initialized fallback backend.
[Physics::Module] Id: 0xdecafbad
Library Redirect Path: Library/
[Physics::Module] Selected backend.
[Physics::Module] Name: PhysX
[Physics::Module] Id: 0xf2b8ea05
[Physics::Module] SDK Version: 4.1.2
[Physics::Module] Integration Version: 1.0.0
[Physics::Module] Threading Mode: Multi-Threaded
Refreshing native plugins compatible for Editor in 1.85 ms, found 3 plugins.
Preloading 0 native plugins for Editor in 0.00 ms.
Initialize engine version: 6000.0.42f1 (feb9a7235030)
[Subsystems] Discovering subsystems at path D:/Unity Installs/Unity 6000.0.42f1/Editor/Data/Resources/UnitySubsystems
[Subsystems] Discovering subsystems at path D:/Github/Unity Projects/Phantom-Pixel/Phantom Pixel/Assets
GfxDevice: creating device client; kGfxThreadingModeNonThreaded
Direct3D:
    Version:  Direct3D 11.0 [level 11.1]
    Renderer: AMD Radeon RX 6800 XT (ID=0x73bf)
    Vendor:   ATI
    VRAM:     16312 MB
    Driver:   32.0.12033.1030
Initialize mono
Mono path[0] = 'D:/Unity Installs/Unity 6000.0.42f1/Editor/Data/Managed'
Mono path[1] = 'D:/Unity Installs/Unity 6000.0.42f1/Editor/Data/MonoBleedingEdge/lib/mono/unityjit-win32'
Mono config path = 'D:/Unity Installs/Unity 6000.0.42f1/Editor/Data/MonoBleedingEdge/etc'
Using monoOptions --debugger-agent=transport=dt_socket,embedding=1,server=y,suspend=n,address=127.0.0.1:56756
Begin MonoManager ReloadAssembly
Registering precompiled unity dll's ...
Register platform support module: D:/Unity Installs/Unity 6000.0.42f1/Editor/Data/PlaybackEngines/WindowsStandaloneSupport/UnityEditor.WindowsStandalone.Extensions.dll
Registered in 0.002112 seconds.
- Loaded All Assemblies, in  0.381 seconds
Native extension for WindowsStandalone target not found
Mono: successfully reloaded assembly
- Finished resetting the current domain, in  0.318 seconds
Domain Reload Profiling: 699ms
	BeginReloadAssembly (140ms)
		ExecutionOrderSort (0ms)
		DisableScriptedObjects (0ms)
		BackupInstance (0ms)
		ReleaseScriptingObjects (0ms)
		CreateAndSetChildDomain (1ms)
	RebuildCommonClasses (37ms)
	RebuildNativeTypeToScriptingClass (13ms)
	initialDomainReloadingComplete (45ms)
	LoadAllAssembliesAndSetupDomain (146ms)
		LoadAssemblies (139ms)
		RebuildTransferFunctionScriptingTraits (0ms)
		AnalyzeDomain (143ms)
			TypeCache.Refresh (142ms)
				TypeCache.ScanAssembly (129ms)
			BuildScriptInfoCaches (0ms)
			ResolveRequiredComponents (0ms)
	FinalizeReload (318ms)
		ReleaseScriptCaches (0ms)
		RebuildScriptCaches (0ms)
		SetupLoadedEditorAssemblies (270ms)
			LogAssemblyErrors (0ms)
			InitializePlatformSupportModulesInManaged (22ms)
			SetLoadedEditorAssemblies (4ms)
			BeforeProcessingInitializeOnLoad (49ms)
			ProcessInitializeOnLoadAttributes (143ms)
			ProcessInitializeOnLoadMethodAttributes (52ms)
			AfterProcessingInitializeOnLoad (0ms)
			EditorAssembliesLoaded (0ms)
		ExecutionOrderSort2 (0ms)
		AwakeInstancesAfterBackupRestoration (0ms)
Assembly reference Packages/com.unity.cinemachine/Editor/Samples/ExposeHDRPInternals/HDRP-Editor-ref.asmref has no target assembly definition
========================================================================
Worker process is ready to serve import requests
Import Worker Mode flag is 0x00
Assembly reference Packages/com.unity.cinemachine/Editor/Samples/ExposeHDRPInternals/HDRP-Editor-ref.asmref has no target assembly definition
Assembly reference Packages/com.unity.cinemachine/Editor/Samples/ExposeHDRPInternals/HDRP-Editor-ref.asmref has no target assembly definition
Begin MonoManager ReloadAssembly
- Loaded All Assemblies, in  0.732 seconds
Assembly reference Packages/com.unity.cinemachine/Editor/Samples/ExposeHDRPInternals/HDRP-Editor-ref.asmref has no target assembly definition
'Packages/com.unity.cinemachine/Editor/Obsolete/CinemachineVirtualCameraBaseEditor.cs' contains partial class of Unity.Object, exactly 1 of the partial classes needs to be in a file with the same filename. This is to know the one that can be referenced from ie. GameObjects
'Packages/com.unity.cinemachine/Editor/Editors/CinemachineVirtualCameraBaseEditor.cs' contains partial class of Unity.Object, exactly 1 of the partial classes needs to be in a file with the same filename. This is to know the one that can be referenced from ie. GameObjects
Refreshing native plugins compatible for Editor in 1.12 ms, found 3 plugins.
Native extension for WindowsStandalone target not found
Assembly reference Packages/com.unity.cinemachine/Editor/Samples/ExposeHDRPInternals/HDRP-Editor-ref.asmref has no target assembly definition
Package Manager log level set to [2]
[Package Manager] Failed to launch server process. Reason: Unity was launched with the -noUpm command-line argument
[Package Manager] Unable to send message (not connected to server process).
[Package Manager] Cannot connect to Unity Package Manager local server
Mono: successfully reloaded assembly
- Finished resetting the current domain, in  0.696 seconds
Domain Reload Profiling: 1427ms
	BeginReloadAssembly (177ms)
		ExecutionOrderSort (0ms)
		DisableScriptedObjects (5ms)
		BackupInstance (0ms)
		ReleaseScriptingObjects (0ms)
		CreateAndSetChildDomain (29ms)
	RebuildCommonClasses (38ms)
	RebuildNativeTypeToScriptingClass (13ms)
	initialDomainReloadingComplete (34ms)
	LoadAllAssembliesAndSetupDomain (469ms)
		LoadAssemblies (327ms)
		RebuildTransferFunctionScriptingTraits (0ms)
		AnalyzeDomain (256ms)
			TypeCache.Refresh (181ms)
				TypeCache.ScanAssembly (165ms)
			BuildScriptInfoCaches (60ms)
			ResolveRequiredComponents (13ms)
	FinalizeReload (696ms)
		ReleaseScriptCaches (0ms)
		RebuildScriptCaches (0ms)
		SetupLoadedEditorAssemblies (550ms)
			LogAssemblyErrors (0ms)
			InitializePlatformSupportModulesInManaged (2ms)
			SetLoadedEditorAssemblies (5ms)
			BeforeProcessingInitializeOnLoad (92ms)
			ProcessInitializeOnLoadAttributes (367ms)
			ProcessInitializeOnLoadMethodAttributes (83ms)
			AfterProcessingInitializeOnLoad (1ms)
			EditorAssembliesLoaded (0ms)
		ExecutionOrderSort2 (0ms)
		AwakeInstancesAfterBackupRestoration (6ms)
Launched and connected shader compiler UnityShaderCompiler.exe after 0.02 seconds
Refreshing native plugins compatible for Editor in 1.21 ms, found 3 plugins.
Preloading 0 native plugins for Editor in 0.00 ms.
Unloading 214 Unused Serialized files (Serialized files now loaded: 0)
Unloading 6471 unused Assets / (4.3 MB). Loaded Objects now: 7178.
Memory consumption went from 169.8 MB to 165.5 MB.
Total: 9.963700 ms (FindLiveObjects: 1.074100 ms CreateObjectMapping: 0.329500 ms MarkObjects: 5.595200 ms  DeleteObjects: 2.963100 ms)

========================================================================
Received Import Request.
  Time since last request: 327325.211510 seconds.
  path: Assets/Art/Bernards Assets/Materials/Terminal_Mat/Ternimal_Border.mat
  artifactKey: Guid(1153b57fc3861394081413d82b326729) Importer(815301076,1909f56bfc062723c751e8b465ee728b)
Start importing Assets/Art/Bernards Assets/Materials/Terminal_Mat/Ternimal_Border.mat using Guid(1153b57fc3861394081413d82b326729) Importer(815301076,1909f56bfc062723c751e8b465ee728b) (PreviewImporter) -> (artifact id: '6b80cf9a7a301d09429a2527b0645763') in 0.5106075 seconds
Number of updated asset objects reloaded before import = 0Number of asset objects unloaded after import = 1

========================================================================
Received Import Request.
  Time since last request: 38.501917 seconds.
  path: Assets/Art/Bernards Assets/Materials/Terminal_Mat/Terminal_Screen.mat
  artifactKey: Guid(d1c1de6da59c9ff4486597000514cbaa) Importer(815301076,1909f56bfc062723c751e8b465ee728b)
Start importing Assets/Art/Bernards Assets/Materials/Terminal_Mat/Terminal_Screen.mat using Guid(d1c1de6da59c9ff4486597000514cbaa) Importer(815301076,1909f56bfc062723c751e8b465ee728b) (PreviewImporter) -> (artifact id: '747f394b1e321463bc2e3472ec9a322e') in 0.0175278 seconds
Number of updated asset objects reloaded before import = 0Number of asset objects unloaded after import = 1

========================================================================
Received Import Request.
  Time since last request: 4.219444 seconds.
  path: Assets/Art/Bernards Assets/Materials/Terminal_Mat/Glass_Screen_Border_Normal_Raw.png
  artifactKey: Guid(e838ae12b31fc6d4b9548b4ff25388db) Importer(815301076,1909f56bfc062723c751e8b465ee728b)
Start importing Assets/Art/Bernards Assets/Materials/Terminal_Mat/Glass_Screen_Border_Normal_Raw.png using Guid(e838ae12b31fc6d4b9548b4ff25388db) Importer(815301076,1909f56bfc062723c751e8b465ee728b) (PreviewImporter) -> (artifact id: '19c32d64c1ca3b8ce7e2faf6ec2e9063') in 0.0292135 seconds
Number of updated asset objects reloaded before import = 0Number of asset objects unloaded after import = 2

========================================================================
Received Import Request.
  Time since last request: 10.846220 seconds.
  path: Assets/Art/Bernards Assets/Materials/Terminal_Mat/Glass_Screen_Screen_MaskMap_Raw.png
  artifactKey: Guid(92176ff3ad28c8f488fa53dfad64323d) Importer(815301076,1909f56bfc062723c751e8b465ee728b)
Start importing Assets/Art/Bernards Assets/Materials/Terminal_Mat/Glass_Screen_Screen_MaskMap_Raw.png using Guid(92176ff3ad28c8f488fa53dfad64323d) Importer(815301076,1909f56bfc062723c751e8b465ee728b) (PreviewImporter) -> (artifact id: '11c269e40ca845f630f4155801746959') in 0.0149111 seconds
Number of updated asset objects reloaded before import = 0Number of asset objects unloaded after import = 2

========================================================================
Received Import Request.
  Time since last request: 25.413748 seconds.
  path: Assets/Art/Bernards Assets/Materials/Terminal_Mat/Glass_Screen_Screen_Normal_Raw.png
  artifactKey: Guid(f95c204420ad9b8479f6edf9088811d6) Importer(815301076,1909f56bfc062723c751e8b465ee728b)
Start importing Assets/Art/Bernards Assets/Materials/Terminal_Mat/Glass_Screen_Screen_Normal_Raw.png using Guid(f95c204420ad9b8479f6edf9088811d6) Importer(815301076,1909f56bfc062723c751e8b465ee728b) (PreviewImporter) -> (artifact id: 'a6d0ca69a21347a1b11346d9c76683f2') in 0.0133929 seconds
Number of updated asset objects reloaded before import = 0Number of asset objects unloaded after import = 2

========================================================================
Received Import Request.
  Time since last request: 66.730700 seconds.
  path: Assets/Art/Bernards Assets/Materials/Terminal_Mat/Terminal_Screen.mat
  artifactKey: Guid(d1c1de6da59c9ff4486597000514cbaa) Importer(815301076,1909f56bfc062723c751e8b465ee728b)
Start importing Assets/Art/Bernards Assets/Materials/Terminal_Mat/Terminal_Screen.mat using Guid(d1c1de6da59c9ff4486597000514cbaa) Importer(815301076,1909f56bfc062723c751e8b465ee728b) (PreviewImporter) -> (artifact id: '639e96decf16a2255ee57450773e434e') in 2.3297146 seconds
Number of updated asset objects reloaded before import = 0Number of asset objects unloaded after import = 5

========================================================================
Received Import Request.
  Time since last request: 90.983871 seconds.
  path: Assets/Art/Bernards Assets/Materials/Wall_Block_Mat
  artifactKey: Guid(bb71da279a7a673469b4b42bfbefe1f4) Importer(815301076,1909f56bfc062723c751e8b465ee728b)
Start importing Assets/Art/Bernards Assets/Materials/Wall_Block_Mat using Guid(bb71da279a7a673469b4b42bfbefe1f4) Importer(815301076,1909f56bfc062723c751e8b465ee728b) (PreviewImporter) -> (artifact id: '89b17ecc5f6dbc619c17f44c97e57666') in 0.0006708 seconds
Number of updated asset objects reloaded before import = 0Number of asset objects unloaded after import = 0

========================================================================
Received Import Request.
  Time since last request: 79.561332 seconds.
  path: Assets/Art/Bernards Assets/Materials/Wall_Block_Mat/Wall_Block_Wall Lining_BaseMap_sRGB.png
  artifactKey: Guid(0ccd99258485a0f4185323939835731f) Importer(815301076,1909f56bfc062723c751e8b465ee728b)
Start importing Assets/Art/Bernards Assets/Materials/Wall_Block_Mat/Wall_Block_Wall Lining_BaseMap_sRGB.png using Guid(0ccd99258485a0f4185323939835731f) Importer(815301076,1909f56bfc062723c751e8b465ee728b) (PreviewImporter) -> (artifact id: '1d42d2754692fee34b9fc1fbb940ffd7') in 0.0230965 seconds
Number of updated asset objects reloaded before import = 0Number of asset objects unloaded after import = 2

========================================================================
Received Import Request.
  Time since last request: 0.000024 seconds.
  path: Assets/Art/Bernards Assets/Materials/Wall_Block_Mat/Wall_Block_Wall_BaseMap_sRGB.png
  artifactKey: Guid(559af9e23647946488c65bfb9cbe6e8f) Importer(815301076,1909f56bfc062723c751e8b465ee728b)
Start importing Assets/Art/Bernards Assets/Materials/Wall_Block_Mat/Wall_Block_Wall_BaseMap_sRGB.png using Guid(559af9e23647946488c65bfb9cbe6e8f) Importer(815301076,1909f56bfc062723c751e8b465ee728b) (PreviewImporter) -> (artifact id: 'd31e8a83300d03c2a9ee672a26550a3c') in 0.0156132 seconds
Number of updated asset objects reloaded before import = 0Number of asset objects unloaded after import = 2

========================================================================
Received Import Request.
  Time since last request: 0.000022 seconds.
  path: Assets/Art/Bernards Assets/Materials/Wall_Block_Mat/Wall_Block_Wall_MaskMap_Raw.png
  artifactKey: Guid(53dd8ecb44aa69e4183033e33b508fad) Importer(815301076,1909f56bfc062723c751e8b465ee728b)
Start importing Assets/Art/Bernards Assets/Materials/Wall_Block_Mat/Wall_Block_Wall_MaskMap_Raw.png using Guid(53dd8ecb44aa69e4183033e33b508fad) Importer(815301076,1909f56bfc062723c751e8b465ee728b) (PreviewImporter) -> (artifact id: 'dcea7a10dfb6c75e67c2d223ff60be45') in 0.0065947 seconds
Number of updated asset objects reloaded before import = 0Number of asset objects unloaded after import = 2

========================================================================
Received Import Request.
  Time since last request: 20.163039 seconds.
  path: Assets/Art/Bernards Assets/Materials/Wall_Block_Mat/Wall_Lining.mat
  artifactKey: Guid(31625821d2fffa54d9ebd0acd527c12d) Importer(815301076,1909f56bfc062723c751e8b465ee728b)
Start importing Assets/Art/Bernards Assets/Materials/Wall_Block_Mat/Wall_Lining.mat using Guid(31625821d2fffa54d9ebd0acd527c12d) Importer(815301076,1909f56bfc062723c751e8b465ee728b) (PreviewImporter) -> (artifact id: '072af0029b6218ee7142a3806ca24cd3') in 0.016474 seconds
Number of updated asset objects reloaded before import = 0Number of asset objects unloaded after import = 1

========================================================================
Received Import Request.
  Time since last request: 12.111773 seconds.
  path: Assets/Art/Bernards Assets/Materials/Wall_Block_Mat/Wall_Block_Wall Lining_Normal_Raw.png
  artifactKey: Guid(0ea172a5c2a15fb468477feba0318491) Importer(815301076,1909f56bfc062723c751e8b465ee728b)
Start importing Assets/Art/Bernards Assets/Materials/Wall_Block_Mat/Wall_Block_Wall Lining_Normal_Raw.png using Guid(0ea172a5c2a15fb468477feba0318491) Importer(815301076,1909f56bfc062723c751e8b465ee728b) (PreviewImporter) -> (artifact id: 'e3914abcc0284daf786ce759dfaf8ddc') in 0.0149881 seconds
Number of updated asset objects reloaded before import = 0Number of asset objects unloaded after import = 2

========================================================================
Received Import Request.
  Time since last request: 11.267822 seconds.
  path: Assets/Art/Bernards Assets/Materials/Wall_Block_Mat/Wall_Lining.mat
  artifactKey: Guid(31625821d2fffa54d9ebd0acd527c12d) Importer(815301076,1909f56bfc062723c751e8b465ee728b)
Start importing Assets/Art/Bernards Assets/Materials/Wall_Block_Mat/Wall_Lining.mat using Guid(31625821d2fffa54d9ebd0acd527c12d) Importer(815301076,1909f56bfc062723c751e8b465ee728b) (PreviewImporter) -> (artifact id: '557d2d749ddd8e2e0665e97108013ae4') in 0.0191659 seconds
Number of updated asset objects reloaded before import = 0Number of asset objects unloaded after import = 4

========================================================================
Received Import Request.
  Time since last request: 11.101263 seconds.
  path: Assets/Art/Bernards Assets/Materials/Wall_Block_Mat/Wall_Block_Wall_Normal_Raw.png
  artifactKey: Guid(4433ca4a04847a044a892346717e7223) Importer(815301076,1909f56bfc062723c751e8b465ee728b)
Start importing Assets/Art/Bernards Assets/Materials/Wall_Block_Mat/Wall_Block_Wall_Normal_Raw.png using Guid(4433ca4a04847a044a892346717e7223) Importer(815301076,1909f56bfc062723c751e8b465ee728b) (PreviewImporter) -> (artifact id: '8f9db7f2f35506c50e4c83cdc872c9f6') in 0.0140685 seconds
Number of updated asset objects reloaded before import = 0Number of asset objects unloaded after import = 2

========================================================================
Received Import Request.
  Time since last request: 19.162629 seconds.
  path: Assets/Art/Bernards Assets/Materials/Door materials/Door.mat
  artifactKey: Guid(6ff50a99ed42a874ab82f272649f32e5) Importer(815301076,1909f56bfc062723c751e8b465ee728b)
Start importing Assets/Art/Bernards Assets/Materials/Door materials/Door.mat using Guid(6ff50a99ed42a874ab82f272649f32e5) Importer(815301076,1909f56bfc062723c751e8b465ee728b) (PreviewImporter) -> (artifact id: '45c247804344de2cb45e10f00f563900') in 0.0322674 seconds
Number of updated asset objects reloaded before import = 0Number of asset objects unloaded after import = 4

========================================================================
Received Import Request.
  Time since last request: 0.000021 seconds.
  path: Assets/Art/Bernards Assets/Materials/Door materials/GameShow Sign_Material.002_BaseMap_sRGB.png
  artifactKey: Guid(11b3c9d3857cd8944a38e8f13cf7b83f) Importer(815301076,1909f56bfc062723c751e8b465ee728b)
Start importing Assets/Art/Bernards Assets/Materials/Door materials/GameShow Sign_Material.002_BaseMap_sRGB.png using Guid(11b3c9d3857cd8944a38e8f13cf7b83f) Importer(815301076,1909f56bfc062723c751e8b465ee728b) (PreviewImporter) -> (artifact id: '2ee65b8fa7bee3b1c4e56a5717ccd23f') in 0.0145037 seconds
Number of updated asset objects reloaded before import = 0Number of asset objects unloaded after import = 2

========================================================================
Received Import Request.
  Time since last request: 0.000029 seconds.
  path: Assets/Art/Bernards Assets/Materials/Door materials/GameShow Sign_Material.003_Normal_Raw.png
  artifactKey: Guid(91ed191df3e1c8c42a96d5a6697708a3) Importer(815301076,1909f56bfc062723c751e8b465ee728b)
Start importing Assets/Art/Bernards Assets/Materials/Door materials/GameShow Sign_Material.003_Normal_Raw.png using Guid(91ed191df3e1c8c42a96d5a6697708a3) Importer(815301076,1909f56bfc062723c751e8b465ee728b) (PreviewImporter) -> (artifact id: '32ec89b1d644b9f42a9624979785667b') in 0.0184048 seconds
Number of updated asset objects reloaded before import = 0Number of asset objects unloaded after import = 2

========================================================================
Received Import Request.
  Time since last request: 0.000031 seconds.
  path: Assets/Art/Bernards Assets/Materials/Door materials/Knob.mat
  artifactKey: Guid(5846072733a374f4a9272acb8671cc1d) Importer(815301076,1909f56bfc062723c751e8b465ee728b)
Start importing Assets/Art/Bernards Assets/Materials/Door materials/Knob.mat using Guid(5846072733a374f4a9272acb8671cc1d) Importer(815301076,1909f56bfc062723c751e8b465ee728b) (PreviewImporter) -> (artifact id: '72873173d2b2d678df564d87ab1ef593') in 0.0171666 seconds
Number of updated asset objects reloaded before import = 0Number of asset objects unloaded after import = 1

========================================================================
Received Import Request.
  Time since last request: 0.000026 seconds.
  path: Assets/Art/Bernards Assets/Materials/Door materials/GameShow Sign_Material.003_MaskMap_Raw.png
  artifactKey: Guid(3ee5e82f150bfdc4e88aaa451c2a0513) Importer(815301076,1909f56bfc062723c751e8b465ee728b)
Start importing Assets/Art/Bernards Assets/Materials/Door materials/GameShow Sign_Material.003_MaskMap_Raw.png using Guid(3ee5e82f150bfdc4e88aaa451c2a0513) Importer(815301076,1909f56bfc062723c751e8b465ee728b) (PreviewImporter) -> (artifact id: '77bfa466015ea0e940158d4d63bff24b') in 0.0167895 seconds
Number of updated asset objects reloaded before import = 0Number of asset objects unloaded after import = 2

========================================================================
Received Import Request.
  Time since last request: 0.000034 seconds.
  path: Assets/Art/Bernards Assets/Materials/Door materials/GameShow Sign_Material.002_MaskMap_Raw.png
  artifactKey: Guid(f826f991fe977694aaf16bec9186fc0f) Importer(815301076,1909f56bfc062723c751e8b465ee728b)
Start importing Assets/Art/Bernards Assets/Materials/Door materials/GameShow Sign_Material.002_MaskMap_Raw.png using Guid(f826f991fe977694aaf16bec9186fc0f) Importer(815301076,1909f56bfc062723c751e8b465ee728b) (PreviewImporter) -> (artifact id: 'b29eedff9b3477cf91e19614e71dd252') in 0.0165741 seconds
Number of updated asset objects reloaded before import = 0Number of asset objects unloaded after import = 2

========================================================================
Received Import Request.
  Time since last request: 13.013038 seconds.
  path: Assets/Art/Bernards Assets/Materials/Stair_Mat
  artifactKey: Guid(2691817b504d5804bb688fa354751356) Importer(815301076,1909f56bfc062723c751e8b465ee728b)
Start importing Assets/Art/Bernards Assets/Materials/Stair_Mat using Guid(2691817b504d5804bb688fa354751356) Importer(815301076,1909f56bfc062723c751e8b465ee728b) (PreviewImporter) -> (artifact id: 'fb4e338d50ab4060670cb9a67a1499c7') in 0.0005043 seconds
Number of updated asset objects reloaded before import = 0Number of asset objects unloaded after import = 0

========================================================================
Received Import Request.
  Time since last request: 17.535004 seconds.
  path: Assets/Art/Bernards Assets/Materials/Stair_Mat/Stairs_DefaultMaterial_BaseMap_sRGB.png
  artifactKey: Guid(aa21a75f7a8f41b4cac70eb848ed246b) Importer(815301076,1909f56bfc062723c751e8b465ee728b)
Start importing Assets/Art/Bernards Assets/Materials/Stair_Mat/Stairs_DefaultMaterial_BaseMap_sRGB.png using Guid(aa21a75f7a8f41b4cac70eb848ed246b) Importer(815301076,1909f56bfc062723c751e8b465ee728b) (PreviewImporter) -> (artifact id: '2abf71c7e8b46498914e5d187304c860') in 0.0174767 seconds
Number of updated asset objects reloaded before import = 0Number of asset objects unloaded after import = 2

========================================================================
Received Import Request.
  Time since last request: 25.975990 seconds.
  path: Assets/Art/Bernards Assets/Materials/Stair_Mat/Stairs.mat
  artifactKey: Guid(51f4401522b80934f90a6c7236b68bcf) Importer(815301076,1909f56bfc062723c751e8b465ee728b)
Start importing Assets/Art/Bernards Assets/Materials/Stair_Mat/Stairs.mat using Guid(51f4401522b80934f90a6c7236b68bcf) Importer(815301076,1909f56bfc062723c751e8b465ee728b) (PreviewImporter) -> (artifact id: 'b5ac2dd73181dc70581d68ebf85874cb') in 0.0156674 seconds
Number of updated asset objects reloaded before import = 0Number of asset objects unloaded after import = 1

========================================================================
Received Import Request.
  Time since last request: 8.653938 seconds.
  path: Assets/Art/Bernards Assets/Materials/Stair_Mat/Stairs_DefaultMaterial_Normal_Raw.png
  artifactKey: Guid(016ce4bc8e56b7443b273e0ad4eb837c) Importer(815301076,1909f56bfc062723c751e8b465ee728b)
Start importing Assets/Art/Bernards Assets/Materials/Stair_Mat/Stairs_DefaultMaterial_Normal_Raw.png using Guid(016ce4bc8e56b7443b273e0ad4eb837c) Importer(815301076,1909f56bfc062723c751e8b465ee728b) (PreviewImporter) -> (artifact id: '3a4d273f61844c09d07bf59cbcfa26de') in 0.0155386 seconds
Number of updated asset objects reloaded before import = 0Number of asset objects unloaded after import = 2

========================================================================
Received Import Request.
  Time since last request: 53.235962 seconds.
  path: Assets/Art/Bernards Assets/Materials/Wall_Block_Mat/Wall_Paint.mat
  artifactKey: Guid(1f603f529252ca94aa2202a1d148d31a) Importer(815301076,1909f56bfc062723c751e8b465ee728b)
Start importing Assets/Art/Bernards Assets/Materials/Wall_Block_Mat/Wall_Paint.mat using Guid(1f603f529252ca94aa2202a1d148d31a) Importer(815301076,1909f56bfc062723c751e8b465ee728b) (PreviewImporter) -> (artifact id: 'f6e3027372e5f5b13749f7fe068a1fd1') in 0.0174434 seconds
Number of updated asset objects reloaded before import = 0Number of asset objects unloaded after import = 4

========================================================================
Received Import Request.
  Time since last request: 184.026482 seconds.
  path: Assets/Art/Bernards Assets/Finished Models/Stairs.prefab
  artifactKey: Guid(0719f0118bf0c9d438c9b17e7f2c37e3) Importer(815301076,1909f56bfc062723c751e8b465ee728b)
Start importing Assets/Art/Bernards Assets/Finished Models/Stairs.prefab using Guid(0719f0118bf0c9d438c9b17e7f2c37e3) Importer(815301076,1909f56bfc062723c751e8b465ee728b) (PreviewImporter) -> (artifact id: '1014a812ff56cc2c1767546e58ecf70c') in 0.0315385 seconds
Number of updated asset objects reloaded before import = 0Number of asset objects unloaded after import = 15

========================================================================
Received Import Request.
  Time since last request: 4.066436 seconds.
  path: Assets/Art/Bernards Assets/Finished Models/Glass_Screen.prefab
  artifactKey: Guid(665b5e9691ff57b468fd8c89d1e0b476) Importer(815301076,1909f56bfc062723c751e8b465ee728b)
Start importing Assets/Art/Bernards Assets/Finished Models/Glass_Screen.prefab using Guid(665b5e9691ff57b468fd8c89d1e0b476) Importer(815301076,1909f56bfc062723c751e8b465ee728b) (PreviewImporter) -> (artifact id: 'bae2b138964f90b639dcea72276a671c') in 0.032107 seconds
Number of updated asset objects reloaded before import = 0Number of asset objects unloaded after import = 25

========================================================================
Received Import Request.
  Time since last request: 6.077051 seconds.
  path: Assets/Art/Bernards Assets/Finished Models/Wall_Block.prefab
  artifactKey: Guid(70c5ee4871524924a8bf0ea0029c6888) Importer(815301076,1909f56bfc062723c751e8b465ee728b)
Start importing Assets/Art/Bernards Assets/Finished Models/Wall_Block.prefab using Guid(70c5ee4871524924a8bf0ea0029c6888) Importer(815301076,1909f56bfc062723c751e8b465ee728b) (PreviewImporter) -> (artifact id: 'ab8e8e17ae6c42f076442a1d7fe2f9dc') in 0.0206208 seconds
Number of updated asset objects reloaded before import = 0Number of asset objects unloaded after import = 37

========================================================================
Received Import Request.
  Time since last request: 5.064869 seconds.
  path: Assets/Art/Bernards Assets/Finished Models/Stairs.prefab
  artifactKey: Guid(0719f0118bf0c9d438c9b17e7f2c37e3) Importer(815301076,1909f56bfc062723c751e8b465ee728b)
Start importing Assets/Art/Bernards Assets/Finished Models/Stairs.prefab using Guid(0719f0118bf0c9d438c9b17e7f2c37e3) Importer(815301076,1909f56bfc062723c751e8b465ee728b) (PreviewImporter) -> (artifact id: '9b03f6f0c13748521338d5d1fed6d9cc') in 0.0197812 seconds
Number of updated asset objects reloaded before import = 0Number of asset objects unloaded after import = 18

========================================================================
Received Import Request.
  Time since last request: 180.153736 seconds.
  path: Assets/Art/Bernards Assets/Finished Models/Wall_Block.prefab
  artifactKey: Guid(70c5ee4871524924a8bf0ea0029c6888) Importer(815301076,1909f56bfc062723c751e8b465ee728b)
Start importing Assets/Art/Bernards Assets/Finished Models/Wall_Block.prefab using Guid(70c5ee4871524924a8bf0ea0029c6888) Importer(815301076,1909f56bfc062723c751e8b465ee728b) (PreviewImporter) -> (artifact id: 'dec58c5ef0987299e4c6873a37e34540') in 0.0198729 seconds
Number of updated asset objects reloaded before import = 0Number of asset objects unloaded after import = 33

========================================================================
Received Import Request.
  Time since last request: 9.474666 seconds.
  path: Assets/Art/Bernards Assets/Finished Models/Wall_Block_Striped.prefab
  artifactKey: Guid(bbc5e1df17429a5469b90791f9278bce) Importer(815301076,1909f56bfc062723c751e8b465ee728b)
Start importing Assets/Art/Bernards Assets/Finished Models/Wall_Block_Striped.prefab using Guid(bbc5e1df17429a5469b90791f9278bce) Importer(815301076,1909f56bfc062723c751e8b465ee728b) (PreviewImporter) -> (artifact id: '7a6cebc8b4b4783f640a1dfa4ba257ea') in 0.0196852 seconds
Number of updated asset objects reloaded before import = 0Number of asset objects unloaded after import = 33

========================================================================
Received Import Request.
  Time since last request: 77.672259 seconds.
  path: Assets/Art/Bernards Assets/Finished Models/Wall_Block_Striped.prefab
  artifactKey: Guid(bbc5e1df17429a5469b90791f9278bce) Importer(815301076,1909f56bfc062723c751e8b465ee728b)
Start importing Assets/Art/Bernards Assets/Finished Models/Wall_Block_Striped.prefab using Guid(bbc5e1df17429a5469b90791f9278bce) Importer(815301076,1909f56bfc062723c751e8b465ee728b) (PreviewImporter) -> (artifact id: 'e795ef0791468aa0a104ceda80577ce7') in 0.0221756 seconds
Number of updated asset objects reloaded before import = 0Number of asset objects unloaded after import = 37

========================================================================
Received Import Request.
  Time since last request: 989.725760 seconds.
  path: Assets/Art/Bernards Assets/Finished Models/Wall_Block_NoSTRIPE.fbx
  artifactKey: Guid(bc049bf308d945f4db23954337f171d1) Importer(815301076,1909f56bfc062723c751e8b465ee728b)
Start importing Assets/Art/Bernards Assets/Finished Models/Wall_Block_NoSTRIPE.fbx using Guid(bc049bf308d945f4db23954337f171d1) Importer(815301076,1909f56bfc062723c751e8b465ee728b) (PreviewImporter) -> (artifact id: '3ac2edf9407b1b8c04d202ba84c93186') in 0.0425579 seconds
Number of updated asset objects reloaded before import = 0Number of asset objects unloaded after import = 8

