Using pre-set license
Built from '6000.0/staging' branch; Version is '6000.0.42f1 (feb9a7235030) revision 16693671'; Using compiler version '193933523'; Build Type 'Release'
OS: 'Windows 11  (10.0.22631) 64bit Core' Language: 'en' Physical Memory: 16244 MB
BatchMode: 1, IsHumanControllingUs: 0, StartBugReporterOnCrash: 0, Is64bit: 1, IsPro: 1

COMMAND LINE ARGUMENTS:
D:\Unity Installs\Unity 6000.0.42f1\Editor\Unity.exe
-adb2
-batchMode
-noUpm
-name
AssetImportWorker2
-projectPath
D:/Github/Unity Projects/Phantom-Pixel/Phantom Pixel
-logFile
Logs/AssetImportWorker2.log
-srvPort
59917
-job-worker-count
7
-background-job-worker-count
8
-gc-helper-count
1
Successfully changed project path to: D:/Github/Unity Projects/Phantom-Pixel/Phantom Pixel
D:/Github/Unity Projects/Phantom-Pixel/Phantom Pixel
[UnityMemory] Configuration Parameters - Can be set up in boot.config
    "memorysetup-bucket-allocator-granularity=16"
    "memorysetup-bucket-allocator-bucket-count=8"
    "memorysetup-bucket-allocator-block-size=33554432"
    "memorysetup-bucket-allocator-block-count=8"
    "memorysetup-main-allocator-block-size=16777216"
    "memorysetup-thread-allocator-block-size=16777216"
    "memorysetup-gfx-main-allocator-block-size=16777216"
    "memorysetup-gfx-thread-allocator-block-size=16777216"
    "memorysetup-cache-allocator-block-size=4194304"
    "memorysetup-typetree-allocator-block-size=2097152"
    "memorysetup-profiler-bucket-allocator-granularity=16"
    "memorysetup-profiler-bucket-allocator-bucket-count=8"
    "memorysetup-profiler-bucket-allocator-block-size=33554432"
    "memorysetup-profiler-bucket-allocator-block-count=8"
    "memorysetup-profiler-allocator-block-size=16777216"
    "memorysetup-profiler-editor-allocator-block-size=1048576"
    "memorysetup-temp-allocator-size-main=16777216"
    "memorysetup-job-temp-allocator-block-size=2097152"
    "memorysetup-job-temp-allocator-block-size-background=1048576"
    "memorysetup-job-temp-allocator-reduction-small-platforms=262144"
    "memorysetup-allocator-temp-initial-block-size-main=262144"
    "memorysetup-allocator-temp-initial-block-size-worker=262144"
    "memorysetup-temp-allocator-size-background-worker=32768"
    "memorysetup-temp-allocator-size-job-worker=262144"
    "memorysetup-temp-allocator-size-preload-manager=33554432"
    "memorysetup-temp-allocator-size-nav-mesh-worker=65536"
    "memorysetup-temp-allocator-size-audio-worker=65536"
    "memorysetup-temp-allocator-size-cloud-worker=32768"
    "memorysetup-temp-allocator-size-gi-baking-worker=262144"
    "memorysetup-temp-allocator-size-gi-baking-worker=262144"
    "memorysetup-temp-allocator-size-gi-baking-worker=262144"
    "memorysetup-temp-allocator-size-gi-baking-worker=262144"
    "memorysetup-temp-allocator-size-gi-baking-worker=262144"
    "memorysetup-temp-allocator-size-gfx=262144"
Player connection [11812]  Target information:

Player connection [11812]  * "[IP] 192.168.4.21 [Port] 0 [Flags] 2 [Guid] 4047691461 [EditorId] 4047691461 [Version] 1048832 [Id] WindowsEditor(7,DESKTOP-FQ14130) [Debug] 1 [PackageName] WindowsEditor [ProjectName] Editor" 

Player connection [11812] Host joined multi-casting on [225.0.0.222:54997]...
Player connection [11812] Host joined alternative multi-casting on [225.0.0.222:34997]...
JobSystem: Creating JobQueue using job-worker-count value 7
Input System module state changed to: Initialized.
[Physics::Module] Initialized fallback backend.
[Physics::Module] Id: 0xdecafbad
Library Redirect Path: Library/
[Physics::Module] Selected backend.
[Physics::Module] Name: PhysX
[Physics::Module] Id: 0xf2b8ea05
[Physics::Module] SDK Version: 4.1.2
[Physics::Module] Integration Version: 1.0.0
[Physics::Module] Threading Mode: Multi-Threaded
Refreshing native plugins compatible for Editor in 2.38 ms, found 3 plugins.
Preloading 0 native plugins for Editor in 0.00 ms.
Initialize engine version: 6000.0.42f1 (feb9a7235030)
[Subsystems] Discovering subsystems at path D:/Unity Installs/Unity 6000.0.42f1/Editor/Data/Resources/UnitySubsystems
[Subsystems] Discovering subsystems at path D:/Github/Unity Projects/Phantom-Pixel/Phantom Pixel/Assets
GfxDevice: creating device client; kGfxThreadingModeNonThreaded
Direct3D:
    Version:  Direct3D 11.0 [level 11.1]
    Renderer: AMD Radeon RX 6800 XT (ID=0x73bf)
    Vendor:   ATI
    VRAM:     16312 MB
    Driver:   32.0.12033.1030
Initialize mono
Mono path[0] = 'D:/Unity Installs/Unity 6000.0.42f1/Editor/Data/Managed'
Mono path[1] = 'D:/Unity Installs/Unity 6000.0.42f1/Editor/Data/MonoBleedingEdge/lib/mono/unityjit-win32'
Mono config path = 'D:/Unity Installs/Unity 6000.0.42f1/Editor/Data/MonoBleedingEdge/etc'
Using monoOptions --debugger-agent=transport=dt_socket,embedding=1,server=y,suspend=n,address=127.0.0.1:56356
Begin MonoManager ReloadAssembly
Registering precompiled unity dll's ...
Register platform support module: D:/Unity Installs/Unity 6000.0.42f1/Editor/Data/PlaybackEngines/WindowsStandaloneSupport/UnityEditor.WindowsStandalone.Extensions.dll
Registered in 0.003961 seconds.
- Loaded All Assemblies, in  0.535 seconds
Native extension for WindowsStandalone target not found
Mono: successfully reloaded assembly
- Finished resetting the current domain, in  0.390 seconds
Domain Reload Profiling: 925ms
	BeginReloadAssembly (227ms)
		ExecutionOrderSort (0ms)
		DisableScriptedObjects (0ms)
		BackupInstance (0ms)
		ReleaseScriptingObjects (0ms)
		CreateAndSetChildDomain (1ms)
	RebuildCommonClasses (47ms)
	RebuildNativeTypeToScriptingClass (14ms)
	initialDomainReloadingComplete (54ms)
	LoadAllAssembliesAndSetupDomain (192ms)
		LoadAssemblies (227ms)
		RebuildTransferFunctionScriptingTraits (0ms)
		AnalyzeDomain (188ms)
			TypeCache.Refresh (186ms)
				TypeCache.ScanAssembly (171ms)
			BuildScriptInfoCaches (0ms)
			ResolveRequiredComponents (1ms)
	FinalizeReload (391ms)
		ReleaseScriptCaches (0ms)
		RebuildScriptCaches (0ms)
		SetupLoadedEditorAssemblies (337ms)
			LogAssemblyErrors (0ms)
			InitializePlatformSupportModulesInManaged (34ms)
			SetLoadedEditorAssemblies (5ms)
			BeforeProcessingInitializeOnLoad (58ms)
			ProcessInitializeOnLoadAttributes (169ms)
			ProcessInitializeOnLoadMethodAttributes (71ms)
			AfterProcessingInitializeOnLoad (0ms)
			EditorAssembliesLoaded (0ms)
		ExecutionOrderSort2 (0ms)
		AwakeInstancesAfterBackupRestoration (0ms)
Assembly reference Packages/com.unity.cinemachine/Editor/Samples/ExposeHDRPInternals/HDRP-Editor-ref.asmref has no target assembly definition
========================================================================
Worker process is ready to serve import requests
Import Worker Mode flag is 0x00
Assembly reference Packages/com.unity.cinemachine/Editor/Samples/ExposeHDRPInternals/HDRP-Editor-ref.asmref has no target assembly definition
Assembly reference Packages/com.unity.cinemachine/Editor/Samples/ExposeHDRPInternals/HDRP-Editor-ref.asmref has no target assembly definition
Begin MonoManager ReloadAssembly
- Loaded All Assemblies, in  1.282 seconds
Assembly reference Packages/com.unity.cinemachine/Editor/Samples/ExposeHDRPInternals/HDRP-Editor-ref.asmref has no target assembly definition
'Packages/com.unity.cinemachine/Editor/Obsolete/CinemachineVirtualCameraBaseEditor.cs' contains partial class of Unity.Object, exactly 1 of the partial classes needs to be in a file with the same filename. This is to know the one that can be referenced from ie. GameObjects
'Packages/com.unity.cinemachine/Editor/Editors/CinemachineVirtualCameraBaseEditor.cs' contains partial class of Unity.Object, exactly 1 of the partial classes needs to be in a file with the same filename. This is to know the one that can be referenced from ie. GameObjects
Refreshing native plugins compatible for Editor in 1.96 ms, found 3 plugins.
Native extension for WindowsStandalone target not found
Assembly reference Packages/com.unity.cinemachine/Editor/Samples/ExposeHDRPInternals/HDRP-Editor-ref.asmref has no target assembly definition
Package Manager log level set to [2]
[Package Manager] Failed to launch server process. Reason: Unity was launched with the -noUpm command-line argument
[Package Manager] Unable to send message (not connected to server process).
[Package Manager] Cannot connect to Unity Package Manager local server
Mono: successfully reloaded assembly
- Finished resetting the current domain, in  0.910 seconds
Domain Reload Profiling: 2191ms
	BeginReloadAssembly (284ms)
		ExecutionOrderSort (0ms)
		DisableScriptedObjects (7ms)
		BackupInstance (0ms)
		ReleaseScriptingObjects (0ms)
		CreateAndSetChildDomain (42ms)
	RebuildCommonClasses (47ms)
	RebuildNativeTypeToScriptingClass (14ms)
	initialDomainReloadingComplete (44ms)
	LoadAllAssembliesAndSetupDomain (891ms)
		LoadAssemblies (721ms)
		RebuildTransferFunctionScriptingTraits (0ms)
		AnalyzeDomain (367ms)
			TypeCache.Refresh (278ms)
				TypeCache.ScanAssembly (253ms)
			BuildScriptInfoCaches (71ms)
			ResolveRequiredComponents (14ms)
	FinalizeReload (911ms)
		ReleaseScriptCaches (0ms)
		RebuildScriptCaches (0ms)
		SetupLoadedEditorAssemblies (709ms)
			LogAssemblyErrors (0ms)
			InitializePlatformSupportModulesInManaged (3ms)
			SetLoadedEditorAssemblies (7ms)
			BeforeProcessingInitializeOnLoad (118ms)
			ProcessInitializeOnLoadAttributes (474ms)
			ProcessInitializeOnLoadMethodAttributes (104ms)
			AfterProcessingInitializeOnLoad (2ms)
			EditorAssembliesLoaded (0ms)
		ExecutionOrderSort2 (0ms)
		AwakeInstancesAfterBackupRestoration (7ms)
Launched and connected shader compiler UnityShaderCompiler.exe after 0.02 seconds
Refreshing native plugins compatible for Editor in 1.11 ms, found 3 plugins.
Preloading 0 native plugins for Editor in 0.00 ms.
Unloading 214 Unused Serialized files (Serialized files now loaded: 0)
Unloading 6471 unused Assets / (4.2 MB). Loaded Objects now: 7178.
Memory consumption went from 169.7 MB to 165.5 MB.
Total: 8.709700 ms (FindLiveObjects: 1.003100 ms CreateObjectMapping: 0.482000 ms MarkObjects: 4.666500 ms  DeleteObjects: 2.557000 ms)

========================================================================
Received Import Request.
  Time since last request: 327006.673451 seconds.
  path: Assets/Art/Jenna's Assets/Materials/curtains.mat
  artifactKey: Guid(c2ce5c3bfe2ec9640b45e08dcc1dc058) Importer(815301076,1909f56bfc062723c751e8b465ee728b)
Start importing Assets/Art/Jenna's Assets/Materials/curtains.mat using Guid(c2ce5c3bfe2ec9640b45e08dcc1dc058) Importer(815301076,1909f56bfc062723c751e8b465ee728b) (PreviewImporter) -> (artifact id: '5d05de3ccc97cbe92e99b9a50d30061e') in 0.6664335 seconds
Number of updated asset objects reloaded before import = 0Number of asset objects unloaded after import = 4

========================================================================
Received Import Request.
  Time since last request: 20.347480 seconds.
  path: Assets/Art/Bernards Assets/Models/Door.fbx
  artifactKey: Guid(5d385c321df69f943a848f5151bfaed1) Importer(815301076,1909f56bfc062723c751e8b465ee728b)
Start importing Assets/Art/Bernards Assets/Models/Door.fbx using Guid(5d385c321df69f943a848f5151bfaed1) Importer(815301076,1909f56bfc062723c751e8b465ee728b) (PreviewImporter) -> (artifact id: '139fea35ab820b41a1345b4ec6791a2b') in 0.094753 seconds
Number of updated asset objects reloaded before import = 0Number of asset objects unloaded after import = 22

========================================================================
Received Import Request.
  Time since last request: 31.864388 seconds.
  path: Assets/Art/Bernards Assets/Models/Glass_Screen.fbx
  artifactKey: Guid(f0fbdd6505231c64f8dfb043c12acb5e) Importer(815301076,1909f56bfc062723c751e8b465ee728b)
Start importing Assets/Art/Bernards Assets/Models/Glass_Screen.fbx using Guid(f0fbdd6505231c64f8dfb043c12acb5e) Importer(815301076,1909f56bfc062723c751e8b465ee728b) (PreviewImporter) -> (artifact id: 'c81dd6ec99d0d4817c8cd7fa61a5d6e7') in 0.0297276 seconds
Number of updated asset objects reloaded before import = 0Number of asset objects unloaded after import = 9

========================================================================
Received Import Request.
  Time since last request: 10.206666 seconds.
  path: Assets/Art/Bernards Assets/Models/Stairs.fbx
  artifactKey: Guid(ba67d812870cb76489684831ab27be95) Importer(815301076,1909f56bfc062723c751e8b465ee728b)
Start importing Assets/Art/Bernards Assets/Models/Stairs.fbx using Guid(ba67d812870cb76489684831ab27be95) Importer(815301076,1909f56bfc062723c751e8b465ee728b) (PreviewImporter) -> (artifact id: 'e110562de4471be89c5b3cc14e7a2a94') in 0.0172743 seconds
Number of updated asset objects reloaded before import = 0Number of asset objects unloaded after import = 7

========================================================================
Received Import Request.
  Time since last request: 7.020015 seconds.
  path: Assets/Art/Bernards Assets/Models/Wall_Block.fbx
  artifactKey: Guid(dc5f734718149074db5e05b92e6e4f6d) Importer(815301076,1909f56bfc062723c751e8b465ee728b)
Start importing Assets/Art/Bernards Assets/Models/Wall_Block.fbx using Guid(dc5f734718149074db5e05b92e6e4f6d) Importer(815301076,1909f56bfc062723c751e8b465ee728b) (PreviewImporter) -> (artifact id: 'daaadad9aed83a2055dc5472da2e9740') in 0.0394519 seconds
Number of updated asset objects reloaded before import = 0Number of asset objects unloaded after import = 16

========================================================================
Received Import Request.
  Time since last request: 113.299030 seconds.
  path: Assets/Art/Bernards Assets/Security Door Materials/Door Frame.mat
  artifactKey: Guid(8b2a71f40ecfcd14eba08f483a0d107e) Importer(815301076,1909f56bfc062723c751e8b465ee728b)
Start importing Assets/Art/Bernards Assets/Security Door Materials/Door Frame.mat using Guid(8b2a71f40ecfcd14eba08f483a0d107e) Importer(815301076,1909f56bfc062723c751e8b465ee728b) (PreviewImporter) -> (artifact id: '1303f4353c62f13bdb485a251a884316') in 0.0251132 seconds
Number of updated asset objects reloaded before import = 0Number of asset objects unloaded after import = 4

========================================================================
Received Import Request.
  Time since last request: 0.000025 seconds.
  path: Assets/Art/Bernards Assets/Security Door Materials/Security_Door_Material.001_MaskMap_Raw.png
  artifactKey: Guid(9cfe56fec2045a14db1c4c24e23e9e66) Importer(815301076,1909f56bfc062723c751e8b465ee728b)
Start importing Assets/Art/Bernards Assets/Security Door Materials/Security_Door_Material.001_MaskMap_Raw.png using Guid(9cfe56fec2045a14db1c4c24e23e9e66) Importer(815301076,1909f56bfc062723c751e8b465ee728b) (PreviewImporter) -> (artifact id: '777aa9549d07de300f493edb7d31ea7a') in 0.0200035 seconds
Number of updated asset objects reloaded before import = 0Number of asset objects unloaded after import = 2

========================================================================
Received Import Request.
  Time since last request: 0.000033 seconds.
  path: Assets/Art/Bernards Assets/Security Door Materials/Sliding Panel.mat
  artifactKey: Guid(9a0b9ef85ed3f6e408f568a56350750a) Importer(815301076,1909f56bfc062723c751e8b465ee728b)
Start importing Assets/Art/Bernards Assets/Security Door Materials/Sliding Panel.mat using Guid(9a0b9ef85ed3f6e408f568a56350750a) Importer(815301076,1909f56bfc062723c751e8b465ee728b) (PreviewImporter) -> (artifact id: '0fb2c127057e54818f41151411b07e5e') in 0.0280106 seconds
Number of updated asset objects reloaded before import = 0Number of asset objects unloaded after import = 4

========================================================================
Received Import Request.
  Time since last request: 0.000036 seconds.
  path: Assets/Art/Bernards Assets/Security Door Materials/Security_Door_Material.002_MaskMap_Raw.png
  artifactKey: Guid(7293bf1ee083bb5469c3c18e4bfb2a74) Importer(815301076,1909f56bfc062723c751e8b465ee728b)
Start importing Assets/Art/Bernards Assets/Security Door Materials/Security_Door_Material.002_MaskMap_Raw.png using Guid(7293bf1ee083bb5469c3c18e4bfb2a74) Importer(815301076,1909f56bfc062723c751e8b465ee728b) (PreviewImporter) -> (artifact id: 'a9022299050c29acddbc18a109708fe4') in 0.0151641 seconds
Number of updated asset objects reloaded before import = 0Number of asset objects unloaded after import = 2

========================================================================
Received Import Request.
  Time since last request: 12.746120 seconds.
  path: Assets/Art/Bernards Assets/Finished Models/Door.prefab
  artifactKey: Guid(3dbbdc3dcdecc9c46b4958665c9d40b7) Importer(815301076,1909f56bfc062723c751e8b465ee728b)
Start importing Assets/Art/Bernards Assets/Finished Models/Door.prefab using Guid(3dbbdc3dcdecc9c46b4958665c9d40b7) Importer(815301076,1909f56bfc062723c751e8b465ee728b) (PreviewImporter) -> (artifact id: '110df03dda87f68fdf99a045e2534093') in 0.0721304 seconds
Number of updated asset objects reloaded before import = 0Number of asset objects unloaded after import = 48

========================================================================
Received Import Request.
  Time since last request: 17.487574 seconds.
  path: Assets/Art/Bernards Assets/Materials
  artifactKey: Guid(330067c20ab787d47896dbfa356f36ef) Importer(815301076,1909f56bfc062723c751e8b465ee728b)
Start importing Assets/Art/Bernards Assets/Materials using Guid(330067c20ab787d47896dbfa356f36ef) Importer(815301076,1909f56bfc062723c751e8b465ee728b) (PreviewImporter) -> (artifact id: '67e1813fa3c968c08a30b045e43630f7') in 0.0007754 seconds
Number of updated asset objects reloaded before import = 0Number of asset objects unloaded after import = 0

========================================================================
Received Import Request.
  Time since last request: 41.434961 seconds.
  path: Assets/Art/Bernards Assets/Materials/Terminal_Mat
  artifactKey: Guid(decf233a9eece244c85610e7caa0c100) Importer(815301076,1909f56bfc062723c751e8b465ee728b)
Start importing Assets/Art/Bernards Assets/Materials/Terminal_Mat using Guid(decf233a9eece244c85610e7caa0c100) Importer(815301076,1909f56bfc062723c751e8b465ee728b) (PreviewImporter) -> (artifact id: '00e2b991273b40d694b5bd1aa202c0a9') in 0.0006725 seconds
Number of updated asset objects reloaded before import = 0Number of asset objects unloaded after import = 0

========================================================================
Received Import Request.
  Time since last request: 34.124092 seconds.
  path: Assets/Art/Bernards Assets/Materials/Terminal_Mat/Glass_Screen_Border_BaseMap_sRGB.png
  artifactKey: Guid(5cb2d6be48fcfc54c861d9863e9676c4) Importer(815301076,1909f56bfc062723c751e8b465ee728b)
Start importing Assets/Art/Bernards Assets/Materials/Terminal_Mat/Glass_Screen_Border_BaseMap_sRGB.png using Guid(5cb2d6be48fcfc54c861d9863e9676c4) Importer(815301076,1909f56bfc062723c751e8b465ee728b) (PreviewImporter) -> (artifact id: '0a20c07df70a366472fa2ec9c8a7032d') in 0.0210154 seconds
Number of updated asset objects reloaded before import = 0Number of asset objects unloaded after import = 2

========================================================================
Received Import Request.
  Time since last request: 0.000032 seconds.
  path: Assets/Art/Bernards Assets/Materials/Terminal_Mat/Glass_Screen_Screen_MaskMap_Raw.png
  artifactKey: Guid(92176ff3ad28c8f488fa53dfad64323d) Importer(815301076,1909f56bfc062723c751e8b465ee728b)
Start importing Assets/Art/Bernards Assets/Materials/Terminal_Mat/Glass_Screen_Screen_MaskMap_Raw.png using Guid(92176ff3ad28c8f488fa53dfad64323d) Importer(815301076,1909f56bfc062723c751e8b465ee728b) (PreviewImporter) -> (artifact id: '3f00e7b1d0d8b171d40cd19160ca4f98') in 0.0167864 seconds
Number of updated asset objects reloaded before import = 0Number of asset objects unloaded after import = 2

========================================================================
Received Import Request.
  Time since last request: 0.000028 seconds.
  path: Assets/Art/Bernards Assets/Materials/Terminal_Mat/Glass_Screen_Screen_Emissive_sRGB.png
  artifactKey: Guid(05959fb454b7ca740a1a02cc5ea1b420) Importer(815301076,1909f56bfc062723c751e8b465ee728b)
Start importing Assets/Art/Bernards Assets/Materials/Terminal_Mat/Glass_Screen_Screen_Emissive_sRGB.png using Guid(05959fb454b7ca740a1a02cc5ea1b420) Importer(815301076,1909f56bfc062723c751e8b465ee728b) (PreviewImporter) -> (artifact id: 'd72d604d804f2c76310b6cd1c65de8f7') in 0.0144666 seconds
Number of updated asset objects reloaded before import = 0Number of asset objects unloaded after import = 2

========================================================================
Received Import Request.
  Time since last request: 0.000024 seconds.
  path: Assets/Art/Bernards Assets/Materials/Terminal_Mat/Glass_Screen_Screen_Normal_Raw.png
  artifactKey: Guid(f95c204420ad9b8479f6edf9088811d6) Importer(815301076,1909f56bfc062723c751e8b465ee728b)
Start importing Assets/Art/Bernards Assets/Materials/Terminal_Mat/Glass_Screen_Screen_Normal_Raw.png using Guid(f95c204420ad9b8479f6edf9088811d6) Importer(815301076,1909f56bfc062723c751e8b465ee728b) (PreviewImporter) -> (artifact id: '323581bcfe7cba8d68c4d1a00d81c4dc') in 0.0141847 seconds
Number of updated asset objects reloaded before import = 0Number of asset objects unloaded after import = 2

========================================================================
Received Import Request.
  Time since last request: 67.449865 seconds.
  path: Assets/Art/Bernards Assets/Materials/Terminal_Mat/Ternimal_Border.mat
  artifactKey: Guid(1153b57fc3861394081413d82b326729) Importer(815301076,1909f56bfc062723c751e8b465ee728b)
Start importing Assets/Art/Bernards Assets/Materials/Terminal_Mat/Ternimal_Border.mat using Guid(1153b57fc3861394081413d82b326729) Importer(815301076,1909f56bfc062723c751e8b465ee728b) (PreviewImporter) -> (artifact id: '950bdca9d5e5c5d6b201e3cb9d4ea210') in 0.0172426 seconds
Number of updated asset objects reloaded before import = 0Number of asset objects unloaded after import = 4

========================================================================
Received Import Request.
  Time since last request: 4.219982 seconds.
  path: Assets/Art/Bernards Assets/Materials/Terminal_Mat/Ternimal_Border.mat
  artifactKey: Guid(1153b57fc3861394081413d82b326729) Importer(815301076,1909f56bfc062723c751e8b465ee728b)
Start importing Assets/Art/Bernards Assets/Materials/Terminal_Mat/Ternimal_Border.mat using Guid(1153b57fc3861394081413d82b326729) Importer(815301076,1909f56bfc062723c751e8b465ee728b) (PreviewImporter) -> (artifact id: '4a27440492af4ec68562ec7a2edf47f7') in 0.0195272 seconds
Number of updated asset objects reloaded before import = 0Number of asset objects unloaded after import = 4

========================================================================
Received Import Request.
  Time since last request: 276.026818 seconds.
  path: Assets/Art/Bernards Assets/Materials/Wall_Block_Mat/Wall_Block_Wall Lining_MaskMap_Raw.png
  artifactKey: Guid(9bdbd5458ff310f48a3be8ddf57f291f) Importer(815301076,1909f56bfc062723c751e8b465ee728b)
Start importing Assets/Art/Bernards Assets/Materials/Wall_Block_Mat/Wall_Block_Wall Lining_MaskMap_Raw.png using Guid(9bdbd5458ff310f48a3be8ddf57f291f) Importer(815301076,1909f56bfc062723c751e8b465ee728b) (PreviewImporter) -> (artifact id: '7201d57b21d408812ec548433e0c0956') in 0.0229711 seconds
Number of updated asset objects reloaded before import = 0Number of asset objects unloaded after import = 2

========================================================================
Received Import Request.
  Time since last request: 0.000029 seconds.
  path: Assets/Art/Bernards Assets/Materials/Wall_Block_Mat/Wall_Block_Wall_Normal_Raw.png
  artifactKey: Guid(4433ca4a04847a044a892346717e7223) Importer(815301076,1909f56bfc062723c751e8b465ee728b)
Start importing Assets/Art/Bernards Assets/Materials/Wall_Block_Mat/Wall_Block_Wall_Normal_Raw.png using Guid(4433ca4a04847a044a892346717e7223) Importer(815301076,1909f56bfc062723c751e8b465ee728b) (PreviewImporter) -> (artifact id: '3391f9f0698ea032714e977932abf789') in 0.0144881 seconds
Number of updated asset objects reloaded before import = 0Number of asset objects unloaded after import = 2

========================================================================
Received Import Request.
  Time since last request: 0.000025 seconds.
  path: Assets/Art/Bernards Assets/Materials/Wall_Block_Mat/Wall_Block_Wall Lining_Normal_Raw.png
  artifactKey: Guid(0ea172a5c2a15fb468477feba0318491) Importer(815301076,1909f56bfc062723c751e8b465ee728b)
Start importing Assets/Art/Bernards Assets/Materials/Wall_Block_Mat/Wall_Block_Wall Lining_Normal_Raw.png using Guid(0ea172a5c2a15fb468477feba0318491) Importer(815301076,1909f56bfc062723c751e8b465ee728b) (PreviewImporter) -> (artifact id: 'd6645bc4bf1b7ff03aeda39604c2419f') in 0.0156716 seconds
Number of updated asset objects reloaded before import = 0Number of asset objects unloaded after import = 2

========================================================================
Received Import Request.
  Time since last request: 43.626912 seconds.
  path: Assets/Art/Bernards Assets/Materials/Wall_Block_Mat/Wall_Paint.mat
  artifactKey: Guid(1f603f529252ca94aa2202a1d148d31a) Importer(815301076,1909f56bfc062723c751e8b465ee728b)
Start importing Assets/Art/Bernards Assets/Materials/Wall_Block_Mat/Wall_Paint.mat using Guid(1f603f529252ca94aa2202a1d148d31a) Importer(815301076,1909f56bfc062723c751e8b465ee728b) (PreviewImporter) -> (artifact id: '1aafe2a86ec0a8c178783457afb593c4') in 0.0169573 seconds
Number of updated asset objects reloaded before import = 0Number of asset objects unloaded after import = 1

========================================================================
Received Import Request.
  Time since last request: 30.310340 seconds.
  path: Assets/Art/Bernards Assets/Materials/Door materials/Door Frame.mat
  artifactKey: Guid(7cf97e55d649d934da8bcd7c38d5a607) Importer(815301076,1909f56bfc062723c751e8b465ee728b)
Start importing Assets/Art/Bernards Assets/Materials/Door materials/Door Frame.mat using Guid(7cf97e55d649d934da8bcd7c38d5a607) Importer(815301076,1909f56bfc062723c751e8b465ee728b) (PreviewImporter) -> (artifact id: '1fc985f4a5d7e76e0adb03f26c2d49e4') in 0.0320218 seconds
Number of updated asset objects reloaded before import = 0Number of asset objects unloaded after import = 4

========================================================================
Received Import Request.
  Time since last request: 0.000028 seconds.
  path: Assets/Art/Bernards Assets/Materials/Door materials/GameShow Sign_Material_MaskMap_Raw.png
  artifactKey: Guid(becea8870a0b9f441b38da37e4651e55) Importer(815301076,1909f56bfc062723c751e8b465ee728b)
Start importing Assets/Art/Bernards Assets/Materials/Door materials/GameShow Sign_Material_MaskMap_Raw.png using Guid(becea8870a0b9f441b38da37e4651e55) Importer(815301076,1909f56bfc062723c751e8b465ee728b) (PreviewImporter) -> (artifact id: 'a87f0776f1a47b023cca0853eae45299') in 0.01676 seconds
Number of updated asset objects reloaded before import = 0Number of asset objects unloaded after import = 2

========================================================================
Received Import Request.
  Time since last request: 0.000033 seconds.
  path: Assets/Art/Bernards Assets/Materials/Door materials/GameShow Sign_Material_Normal_Raw.png
  artifactKey: Guid(56a9b45efa451734aa7fa0be612662ea) Importer(815301076,1909f56bfc062723c751e8b465ee728b)
Start importing Assets/Art/Bernards Assets/Materials/Door materials/GameShow Sign_Material_Normal_Raw.png using Guid(56a9b45efa451734aa7fa0be612662ea) Importer(815301076,1909f56bfc062723c751e8b465ee728b) (PreviewImporter) -> (artifact id: 'c851e1072f5e86973378d875c2136a6b') in 0.0266441 seconds
Number of updated asset objects reloaded before import = 0Number of asset objects unloaded after import = 2

========================================================================
Received Import Request.
  Time since last request: 0.000046 seconds.
  path: Assets/Art/Bernards Assets/Materials/Door materials/GameShow Sign_Material.002_Normal_Raw.png
  artifactKey: Guid(56ada082870ad6642a44b88742066100) Importer(815301076,1909f56bfc062723c751e8b465ee728b)
Start importing Assets/Art/Bernards Assets/Materials/Door materials/GameShow Sign_Material.002_Normal_Raw.png using Guid(56ada082870ad6642a44b88742066100) Importer(815301076,1909f56bfc062723c751e8b465ee728b) (PreviewImporter) -> (artifact id: 'f447783a9b2e051dd73444208c465c6c') in 0.0150699 seconds
Number of updated asset objects reloaded before import = 0Number of asset objects unloaded after import = 2

========================================================================
Received Import Request.
  Time since last request: 0.000024 seconds.
  path: Assets/Art/Bernards Assets/Materials/Door materials/GameShow Sign_Material.003_BaseMap_sRGB.png
  artifactKey: Guid(ff221bda0fdc86344ab8b8ea69ec43b1) Importer(815301076,1909f56bfc062723c751e8b465ee728b)
Start importing Assets/Art/Bernards Assets/Materials/Door materials/GameShow Sign_Material.003_BaseMap_sRGB.png using Guid(ff221bda0fdc86344ab8b8ea69ec43b1) Importer(815301076,1909f56bfc062723c751e8b465ee728b) (PreviewImporter) -> (artifact id: 'bd2746faf1519ddfc04fbac2c21cdde1') in 0.0134733 seconds
Number of updated asset objects reloaded before import = 0Number of asset objects unloaded after import = 2

========================================================================
Received Import Request.
  Time since last request: 0.000023 seconds.
  path: Assets/Art/Bernards Assets/Materials/Door materials/GameShow Sign_Material_BaseMap_sRGB.png
  artifactKey: Guid(9bc5fc888eb8c10469a01879b045b5e2) Importer(815301076,1909f56bfc062723c751e8b465ee728b)
Start importing Assets/Art/Bernards Assets/Materials/Door materials/GameShow Sign_Material_BaseMap_sRGB.png using Guid(9bc5fc888eb8c10469a01879b045b5e2) Importer(815301076,1909f56bfc062723c751e8b465ee728b) (PreviewImporter) -> (artifact id: '128c8ed70b8032ffc03bafb6a499df45') in 0.0167739 seconds
Number of updated asset objects reloaded before import = 0Number of asset objects unloaded after import = 2

========================================================================
Received Import Request.
  Time since last request: 30.577664 seconds.
  path: Assets/Art/Bernards Assets/Materials/Stair_Mat/Stairs_DefaultMaterial_MaskMap_Raw.png
  artifactKey: Guid(56f00948c44f4834fa933782db557def) Importer(815301076,1909f56bfc062723c751e8b465ee728b)
Start importing Assets/Art/Bernards Assets/Materials/Stair_Mat/Stairs_DefaultMaterial_MaskMap_Raw.png using Guid(56f00948c44f4834fa933782db557def) Importer(815301076,1909f56bfc062723c751e8b465ee728b) (PreviewImporter) -> (artifact id: 'e9eb969942be3dc4a3e993bd44cdd59b') in 0.0153926 seconds
Number of updated asset objects reloaded before import = 0Number of asset objects unloaded after import = 2

Editor requested this worker to shutdown with reason: Scaling down because of idle timeout
AssetImportWorker is now disconnected from the server
Process exiting
Exiting without the bug reporter. Application will terminate with return code 0