Using pre-set license
Built from '6000.0/staging' branch; Version is '6000.0.42f1 (feb9a7235030) revision 16693671'; Using compiler version '193933523'; Build Type 'Release'
OS: 'Windows 11  (10.0.26100) 64bit Professional' Language: 'en' Physical Memory: 32692 MB
BatchMode: 1, IsHumanControllingUs: 0, StartBugReporterOnCrash: 0, Is64bit: 1, IsPro: 1

COMMAND LINE ARGUMENTS:
C:\Program Files\Unity\Hub\Editor\6000.0.42f1\Editor\Unity.exe
-adb2
-batchMode
-noUpm
-name
AssetImportWorker1
-projectPath
D:/Downloads/Phantom-Pixel-main (1)/Phantom-Pixel-main/Momentary
-logFile
Logs/AssetImportWorker1.log
-srvPort
64701
-job-worker-count
11
-background-job-worker-count
8
-gc-helper-count
1
Successfully changed project path to: D:/Downloads/Phantom-Pixel-main (1)/Phantom-Pixel-main/Momentary
D:/Downloads/Phantom-Pixel-main (1)/Phantom-Pixel-main/Momentary
[UnityMemory] Configuration Parameters - Can be set up in boot.config
    "memorysetup-bucket-allocator-granularity=16"
    "memorysetup-bucket-allocator-bucket-count=8"
    "memorysetup-bucket-allocator-block-size=33554432"
    "memorysetup-bucket-allocator-block-count=8"
    "memorysetup-main-allocator-block-size=16777216"
    "memorysetup-thread-allocator-block-size=16777216"
    "memorysetup-gfx-main-allocator-block-size=16777216"
    "memorysetup-gfx-thread-allocator-block-size=16777216"
    "memorysetup-cache-allocator-block-size=4194304"
    "memorysetup-typetree-allocator-block-size=2097152"
    "memorysetup-profiler-bucket-allocator-granularity=16"
    "memorysetup-profiler-bucket-allocator-bucket-count=8"
    "memorysetup-profiler-bucket-allocator-block-size=33554432"
    "memorysetup-profiler-bucket-allocator-block-count=8"
    "memorysetup-profiler-allocator-block-size=16777216"
    "memorysetup-profiler-editor-allocator-block-size=1048576"
    "memorysetup-temp-allocator-size-main=16777216"
    "memorysetup-job-temp-allocator-block-size=2097152"
    "memorysetup-job-temp-allocator-block-size-background=1048576"
    "memorysetup-job-temp-allocator-reduction-small-platforms=262144"
    "memorysetup-allocator-temp-initial-block-size-main=262144"
    "memorysetup-allocator-temp-initial-block-size-worker=262144"
    "memorysetup-temp-allocator-size-background-worker=32768"
    "memorysetup-temp-allocator-size-job-worker=262144"
    "memorysetup-temp-allocator-size-preload-manager=33554432"
    "memorysetup-temp-allocator-size-nav-mesh-worker=65536"
    "memorysetup-temp-allocator-size-audio-worker=65536"
    "memorysetup-temp-allocator-size-cloud-worker=32768"
    "memorysetup-temp-allocator-size-gi-baking-worker=262144"
    "memorysetup-temp-allocator-size-gi-baking-worker=262144"
    "memorysetup-temp-allocator-size-gi-baking-worker=262144"
    "memorysetup-temp-allocator-size-gi-baking-worker=262144"
    "memorysetup-temp-allocator-size-gi-baking-worker=262144"
    "memorysetup-temp-allocator-size-gfx=262144"
Player connection [18872]  Target information:

Player connection [18872]  * "[IP] 192.168.1.125 [Port] 0 [Flags] 2 [Guid] 2696751943 [EditorId] 2696751943 [Version] 1048832 [Id] WindowsEditor(7,DESKTOP-GOSLMI8) [Debug] 1 [PackageName] WindowsEditor [ProjectName] Editor" 

Player connection [18872] Host joined multi-casting on [225.0.0.222:54997]...
Player connection [18872] Host joined alternative multi-casting on [225.0.0.222:34997]...
JobSystem: Creating JobQueue using job-worker-count value 11
Input System module state changed to: Initialized.
[Physics::Module] Initialized fallback backend.
[Physics::Module] Id: 0xdecafbad
Library Redirect Path: Library/
[Physics::Module] Selected backend.
[Physics::Module] Name: PhysX
[Physics::Module] Id: 0xf2b8ea05
[Physics::Module] SDK Version: 4.1.2
[Physics::Module] Integration Version: 1.0.0
[Physics::Module] Threading Mode: Multi-Threaded
Refreshing native plugins compatible for Editor in 1.86 ms, found 3 plugins.
Preloading 0 native plugins for Editor in 0.00 ms.
Initialize engine version: 6000.0.42f1 (feb9a7235030)
[Subsystems] Discovering subsystems at path C:/Program Files/Unity/Hub/Editor/6000.0.42f1/Editor/Data/Resources/UnitySubsystems
[Subsystems] Discovering subsystems at path D:/Downloads/Phantom-Pixel-main (1)/Phantom-Pixel-main/Momentary/Assets
GfxDevice: creating device client; kGfxThreadingModeNonThreaded
Direct3D:
    Version:  Direct3D 11.0 [level 11.1]
    Renderer: NVIDIA GeForce RTX 4070 Ti (ID=0x2782)
    Vendor:   NVIDIA
    VRAM:     11996 MB
    Driver:   32.0.15.7270
Initialize mono
Mono path[0] = 'C:/Program Files/Unity/Hub/Editor/6000.0.42f1/Editor/Data/Managed'
Mono path[1] = 'C:/Program Files/Unity/Hub/Editor/6000.0.42f1/Editor/Data/MonoBleedingEdge/lib/mono/unityjit-win32'
Mono config path = 'C:/Program Files/Unity/Hub/Editor/6000.0.42f1/Editor/Data/MonoBleedingEdge/etc'
Using monoOptions --debugger-agent=transport=dt_socket,embedding=1,server=y,suspend=n,address=127.0.0.1:56020
Begin MonoManager ReloadAssembly
Registering precompiled unity dll's ...
Register platform support module: C:/Program Files/Unity/Hub/Editor/6000.0.42f1/Editor/Data/PlaybackEngines/WindowsStandaloneSupport/UnityEditor.WindowsStandalone.Extensions.dll
Registered in 0.004075 seconds.
- Loaded All Assemblies, in  0.457 seconds
Native extension for WindowsStandalone target not found
Mono: successfully reloaded assembly
- Finished resetting the current domain, in  0.361 seconds
Domain Reload Profiling: 814ms
	BeginReloadAssembly (146ms)
		ExecutionOrderSort (0ms)
		DisableScriptedObjects (0ms)
		BackupInstance (0ms)
		ReleaseScriptingObjects (0ms)
		CreateAndSetChildDomain (1ms)
	RebuildCommonClasses (45ms)
	RebuildNativeTypeToScriptingClass (14ms)
	initialDomainReloadingComplete (57ms)
	LoadAllAssembliesAndSetupDomain (190ms)
		LoadAssemblies (140ms)
		RebuildTransferFunctionScriptingTraits (0ms)
		AnalyzeDomain (187ms)
			TypeCache.Refresh (185ms)
				TypeCache.ScanAssembly (169ms)
			BuildScriptInfoCaches (0ms)
			ResolveRequiredComponents (1ms)
	FinalizeReload (362ms)
		ReleaseScriptCaches (0ms)
		RebuildScriptCaches (0ms)
		SetupLoadedEditorAssemblies (322ms)
			LogAssemblyErrors (0ms)
			InitializePlatformSupportModulesInManaged (28ms)
			SetLoadedEditorAssemblies (5ms)
			BeforeProcessingInitializeOnLoad (59ms)
			ProcessInitializeOnLoadAttributes (173ms)
			ProcessInitializeOnLoadMethodAttributes (58ms)
			AfterProcessingInitializeOnLoad (0ms)
			EditorAssembliesLoaded (0ms)
		ExecutionOrderSort2 (0ms)
		AwakeInstancesAfterBackupRestoration (0ms)
Assembly reference Packages/com.unity.cinemachine/Editor/Samples/ExposeHDRPInternals/HDRP-Editor-ref.asmref has no target assembly definition
========================================================================
Worker process is ready to serve import requests
Import Worker Mode flag is 0x00
Assembly reference Packages/com.unity.cinemachine/Editor/Samples/ExposeHDRPInternals/HDRP-Editor-ref.asmref has no target assembly definition
Assembly reference Packages/com.unity.cinemachine/Editor/Samples/ExposeHDRPInternals/HDRP-Editor-ref.asmref has no target assembly definition
Begin MonoManager ReloadAssembly
- Loaded All Assemblies, in  0.861 seconds
Assembly reference Packages/com.unity.cinemachine/Editor/Samples/ExposeHDRPInternals/HDRP-Editor-ref.asmref has no target assembly definition
'Packages/com.unity.cinemachine/Editor/Obsolete/CinemachineVirtualCameraBaseEditor.cs' contains partial class of Unity.Object, exactly 1 of the partial classes needs to be in a file with the same filename. This is to know the one that can be referenced from ie. GameObjects
'Packages/com.unity.cinemachine/Editor/Editors/CinemachineVirtualCameraBaseEditor.cs' contains partial class of Unity.Object, exactly 1 of the partial classes needs to be in a file with the same filename. This is to know the one that can be referenced from ie. GameObjects
Refreshing native plugins compatible for Editor in 1.22 ms, found 3 plugins.
Native extension for WindowsStandalone target not found
Assembly reference Packages/com.unity.cinemachine/Editor/Samples/ExposeHDRPInternals/HDRP-Editor-ref.asmref has no target assembly definition
Package Manager log level set to [2]
[Package Manager] Failed to launch server process. Reason: Unity was launched with the -noUpm command-line argument
[Package Manager] Unable to send message (not connected to server process).
[Package Manager] Cannot connect to Unity Package Manager local server
Mono: successfully reloaded assembly
- Finished resetting the current domain, in  0.829 seconds
Domain Reload Profiling: 1686ms
	BeginReloadAssembly (186ms)
		ExecutionOrderSort (0ms)
		DisableScriptedObjects (6ms)
		BackupInstance (0ms)
		ReleaseScriptingObjects (0ms)
		CreateAndSetChildDomain (33ms)
	RebuildCommonClasses (40ms)
	RebuildNativeTypeToScriptingClass (14ms)
	initialDomainReloadingComplete (42ms)
	LoadAllAssembliesAndSetupDomain (574ms)
		LoadAssemblies (387ms)
		RebuildTransferFunctionScriptingTraits (0ms)
		AnalyzeDomain (299ms)
			TypeCache.Refresh (213ms)
				TypeCache.ScanAssembly (195ms)
			BuildScriptInfoCaches (64ms)
			ResolveRequiredComponents (15ms)
	FinalizeReload (830ms)
		ReleaseScriptCaches (0ms)
		RebuildScriptCaches (0ms)
		SetupLoadedEditorAssemblies (652ms)
			LogAssemblyErrors (0ms)
			InitializePlatformSupportModulesInManaged (2ms)
			SetLoadedEditorAssemblies (5ms)
			BeforeProcessingInitializeOnLoad (117ms)
			ProcessInitializeOnLoadAttributes (429ms)
			ProcessInitializeOnLoadMethodAttributes (92ms)
			AfterProcessingInitializeOnLoad (6ms)
			EditorAssembliesLoaded (0ms)
		ExecutionOrderSort2 (0ms)
		AwakeInstancesAfterBackupRestoration (6ms)
Launched and connected shader compiler UnityShaderCompiler.exe after 0.01 seconds
Refreshing native plugins compatible for Editor in 2.04 ms, found 3 plugins.
Preloading 0 native plugins for Editor in 0.00 ms.
Unloading 215 Unused Serialized files (Serialized files now loaded: 0)
Unloading 6462 unused Assets / (4.8 MB). Loaded Objects now: 7171.
Memory consumption went from 166.5 MB to 161.7 MB.
Total: 14.117600 ms (FindLiveObjects: 1.488400 ms CreateObjectMapping: 1.138800 ms MarkObjects: 6.804600 ms  DeleteObjects: 4.684100 ms)

========================================================================
Received Import Request.
  Time since last request: 114875.228127 seconds.
  path: Assets/Resources/3D Rule Tiles/Textures/Brick_Normal.png
  artifactKey: Guid(fd07b2107c8679941bb9756f39903629) Importer(815301076,1909f56bfc062723c751e8b465ee728b)
Start importing Assets/Resources/3D Rule Tiles/Textures/Brick_Normal.png using Guid(fd07b2107c8679941bb9756f39903629) Importer(815301076,1909f56bfc062723c751e8b465ee728b) (PreviewImporter) -> (artifact id: 'ac286eb0d2644292e06526704e631f58') in 0.3861332 seconds
Number of updated asset objects reloaded before import = 0Number of asset objects unloaded after import = 2

========================================================================
Received Import Request.
  Time since last request: 2.804030 seconds.
  path: Assets/Hunter's Assets/Carpet/Carpet Dirt/Dirt Stars/Carpet_standardSurface1_Normal_Raw.1001.png
  artifactKey: Guid(77d7e44160045d140bdb471ba54135bd) Importer(815301076,1909f56bfc062723c751e8b465ee728b)
Start importing Assets/Hunter's Assets/Carpet/Carpet Dirt/Dirt Stars/Carpet_standardSurface1_Normal_Raw.1001.png using Guid(77d7e44160045d140bdb471ba54135bd) Importer(815301076,1909f56bfc062723c751e8b465ee728b) (PreviewImporter) -> (artifact id: '66c0eb9c67e67fbab8892b1a5f15dc0d') in 0.0545909 seconds
Number of updated asset objects reloaded before import = 0Number of asset objects unloaded after import = 2

========================================================================
Received Import Request.
  Time since last request: 0.397096 seconds.
  path: Assets/TextMesh Pro/Sprites/EmojiOne.png
  artifactKey: Guid(dffef66376be4fa480fb02b19edbe903) Importer(815301076,1909f56bfc062723c751e8b465ee728b)
Start importing Assets/TextMesh Pro/Sprites/EmojiOne.png using Guid(dffef66376be4fa480fb02b19edbe903) Importer(815301076,1909f56bfc062723c751e8b465ee728b) (PreviewImporter) -> (artifact id: '6dccfaa7ffbc5872687a481f4f8e3601') in 0.0158158 seconds
Number of updated asset objects reloaded before import = 0Number of asset objects unloaded after import = 2

========================================================================
Received Import Request.
  Time since last request: 14.497552 seconds.
  path: Assets/Resources/3D Rule Tiles/Textures/Sand Top.png
  artifactKey: Guid(07e1864511f5f2c41b01e450c3eb104e) Importer(815301076,1909f56bfc062723c751e8b465ee728b)
Start importing Assets/Resources/3D Rule Tiles/Textures/Sand Top.png using Guid(07e1864511f5f2c41b01e450c3eb104e) Importer(815301076,1909f56bfc062723c751e8b465ee728b) (PreviewImporter) -> (artifact id: 'b644d771f6ab4e41e763b6449dd7e925') in 0.0153041 seconds
Number of updated asset objects reloaded before import = 0Number of asset objects unloaded after import = 2

========================================================================
Received Import Request.
  Time since last request: 5.700476 seconds.
  path: Assets/Jenna's Assets/Textures/WM_texture/wire_middle_wire_middle_BaseMap_sRGB.png
  artifactKey: Guid(2a31c444c245910488464cb72aa86f76) Importer(815301076,1909f56bfc062723c751e8b465ee728b)
Start importing Assets/Jenna's Assets/Textures/WM_texture/wire_middle_wire_middle_BaseMap_sRGB.png using Guid(2a31c444c245910488464cb72aa86f76) Importer(815301076,1909f56bfc062723c751e8b465ee728b) (PreviewImporter) -> (artifact id: '0347c74b9fde7bbe31b4d7d021231d57') in 0.0725728 seconds
Number of updated asset objects reloaded before import = 0Number of asset objects unloaded after import = 2

========================================================================
Received Import Request.
  Time since last request: 0.000021 seconds.
  path: Assets/Jenna's Assets/Textures/WM_texture/wire_middle_wire_middle_MaskMap_Raw.png
  artifactKey: Guid(29e9ee29ac0fcdc4b98adb43d96bf395) Importer(815301076,1909f56bfc062723c751e8b465ee728b)
Start importing Assets/Jenna's Assets/Textures/WM_texture/wire_middle_wire_middle_MaskMap_Raw.png using Guid(29e9ee29ac0fcdc4b98adb43d96bf395) Importer(815301076,1909f56bfc062723c751e8b465ee728b) (PreviewImporter) -> (artifact id: 'fa94321624ed18eef8538a38039fa38f') in 0.0673803 seconds
Number of updated asset objects reloaded before import = 0Number of asset objects unloaded after import = 2

========================================================================
Received Import Request.
  Time since last request: 0.000028 seconds.
  path: Assets/Hunter's Assets/Glass/Vile/vile_Opacity_Raw).standardSurface1.png
  artifactKey: Guid(253f6ced68aed62448f9f0b027efe7ca) Importer(815301076,1909f56bfc062723c751e8b465ee728b)
Start importing Assets/Hunter's Assets/Glass/Vile/vile_Opacity_Raw).standardSurface1.png using Guid(253f6ced68aed62448f9f0b027efe7ca) Importer(815301076,1909f56bfc062723c751e8b465ee728b) (PreviewImporter) -> (artifact id: '600f363751dd64dc71110e14e37819f1') in 0.0256763 seconds
Number of updated asset objects reloaded before import = 0Number of asset objects unloaded after import = 2

========================================================================
Received Import Request.
  Time since last request: 0.004602 seconds.
  path: Assets/Jenna's Assets/Textures/WC_texture/wire_corner_wire_corner_BaseMap_sRGB.png
  artifactKey: Guid(6b05c6585a1b34f428f843eb64143455) Importer(815301076,1909f56bfc062723c751e8b465ee728b)
Start importing Assets/Jenna's Assets/Textures/WC_texture/wire_corner_wire_corner_BaseMap_sRGB.png using Guid(6b05c6585a1b34f428f843eb64143455) Importer(815301076,1909f56bfc062723c751e8b465ee728b) (PreviewImporter) -> (artifact id: 'a1f492a79ca991acbfac11d1b63cc279') in 0.0880564 seconds
Number of updated asset objects reloaded before import = 0Number of asset objects unloaded after import = 2

========================================================================
Received Import Request.
  Time since last request: 0.000017 seconds.
  path: Assets/Jenna's Assets/Textures/WC_texture/wire_corner_wire_corner_Normal_Raw.png
  artifactKey: Guid(e3e2165f6b59e4542be10916371127e5) Importer(815301076,1909f56bfc062723c751e8b465ee728b)
Start importing Assets/Jenna's Assets/Textures/WC_texture/wire_corner_wire_corner_Normal_Raw.png using Guid(e3e2165f6b59e4542be10916371127e5) Importer(815301076,1909f56bfc062723c751e8b465ee728b) (PreviewImporter) -> (artifact id: '9ff7cb9e2c27779fda6bdc2e7b777adc') in 0.0841389 seconds
Number of updated asset objects reloaded before import = 0Number of asset objects unloaded after import = 2

========================================================================
Received Import Request.
  Time since last request: 0.000023 seconds.
  path: Assets/Jenna's Assets/Textures/Spotlight_textures/Spotlight_body_BaseMap_sRGB.png
  artifactKey: Guid(4b6442dd6678ce44baf057034d5bafd8) Importer(815301076,1909f56bfc062723c751e8b465ee728b)
Start importing Assets/Jenna's Assets/Textures/Spotlight_textures/Spotlight_body_BaseMap_sRGB.png using Guid(4b6442dd6678ce44baf057034d5bafd8) Importer(815301076,1909f56bfc062723c751e8b465ee728b) (PreviewImporter) -> (artifact id: 'faa1c50404cb29644d1575059e1aaa20') in 0.0734689 seconds
Number of updated asset objects reloaded before import = 0Number of asset objects unloaded after import = 2

========================================================================
Received Import Request.
  Time since last request: 0.000029 seconds.
  path: Assets/Jenna's Assets/Textures/Spotlight_textures/Spotlight_lens_Normal_Raw.png
  artifactKey: Guid(5ce20a28c1f26df459d4265f20dedde6) Importer(815301076,1909f56bfc062723c751e8b465ee728b)
Start importing Assets/Jenna's Assets/Textures/Spotlight_textures/Spotlight_lens_Normal_Raw.png using Guid(5ce20a28c1f26df459d4265f20dedde6) Importer(815301076,1909f56bfc062723c751e8b465ee728b) (PreviewImporter) -> (artifact id: 'c96b3ba01ff98e01121a774508ae2a52') in 0.0148032 seconds
Number of updated asset objects reloaded before import = 0Number of asset objects unloaded after import = 2

========================================================================
Received Import Request.
  Time since last request: 0.000018 seconds.
  path: Assets/Hunter's Assets/Glass/Vile/vile_Metalness_Raw.standardSurface1.png
  artifactKey: Guid(b77260c7057508b429988792be4db970) Importer(815301076,1909f56bfc062723c751e8b465ee728b)
Start importing Assets/Hunter's Assets/Glass/Vile/vile_Metalness_Raw.standardSurface1.png using Guid(b77260c7057508b429988792be4db970) Importer(815301076,1909f56bfc062723c751e8b465ee728b) (PreviewImporter) -> (artifact id: 'd454975449da014251b325258727b039') in 0.0240146 seconds
Number of updated asset objects reloaded before import = 0Number of asset objects unloaded after import = 2

========================================================================
Received Import Request.
  Time since last request: 0.000018 seconds.
  path: Assets/Jenna's Assets/Textures/Spotlight_textures/Spotlight_lens_MaskMap_Raw.png
  artifactKey: Guid(57a70182b250d624f9b37034f78e89b1) Importer(815301076,1909f56bfc062723c751e8b465ee728b)
Start importing Assets/Jenna's Assets/Textures/Spotlight_textures/Spotlight_lens_MaskMap_Raw.png using Guid(57a70182b250d624f9b37034f78e89b1) Importer(815301076,1909f56bfc062723c751e8b465ee728b) (PreviewImporter) -> (artifact id: '9fce89239e0f19953346861e977f5925') in 0.0151047 seconds
Number of updated asset objects reloaded before import = 0Number of asset objects unloaded after import = 2

========================================================================
Received Import Request.
  Time since last request: 0.000017 seconds.
  path: Assets/Jenna's Assets/Textures/Spotlight_textures/Spotlight_legs_Normal_Raw.png
  artifactKey: Guid(7ae1380aad217264daff880599fd5594) Importer(815301076,1909f56bfc062723c751e8b465ee728b)
Start importing Assets/Jenna's Assets/Textures/Spotlight_textures/Spotlight_legs_Normal_Raw.png using Guid(7ae1380aad217264daff880599fd5594) Importer(815301076,1909f56bfc062723c751e8b465ee728b) (PreviewImporter) -> (artifact id: 'f5a60607094285763a9f083515a9b329') in 0.025465 seconds
Number of updated asset objects reloaded before import = 0Number of asset objects unloaded after import = 2

========================================================================
Received Import Request.
  Time since last request: 0.000017 seconds.
  path: Assets/Jenna's Assets/Textures/Spotlight_textures/Spotlight_legs_BaseMap_sRGB.png
  artifactKey: Guid(b92c5902fa8216440ba78b952a2e5e6a) Importer(815301076,1909f56bfc062723c751e8b465ee728b)
Start importing Assets/Jenna's Assets/Textures/Spotlight_textures/Spotlight_legs_BaseMap_sRGB.png using Guid(b92c5902fa8216440ba78b952a2e5e6a) Importer(815301076,1909f56bfc062723c751e8b465ee728b) (PreviewImporter) -> (artifact id: 'fd402802ae6a818ac6e405aac1184120') in 0.0133595 seconds
Number of updated asset objects reloaded before import = 0Number of asset objects unloaded after import = 2

Editor requested this worker to shutdown with reason: Scaling down because of idle timeout
AssetImportWorker is now disconnected from the server
Process exiting
Exiting without the bug reporter. Application will terminate with return code 0