Using pre-set license
Built from '6000.0/staging' branch; Version is '6000.0.42f1 (feb9a7235030) revision 16693671'; Using compiler version '193933523'; Build Type 'Release'
OS: 'Windows 11  (10.0.26100) 64bit Professional' Language: 'en' Physical Memory: 32692 MB
BatchMode: 1, IsHumanControllingUs: 0, StartBugReporterOnCrash: 0, Is64bit: 1, IsPro: 1

COMMAND LINE ARGUMENTS:
C:\Program Files\Unity\Hub\Editor\6000.0.42f1\Editor\Unity.exe
-adb2
-batchMode
-noUpm
-name
AssetImportWorker3
-projectPath
D:/Downloads/Phantom-Pixel-main (1)/Phantom-Pixel-main/Momentary
-logFile
Logs/AssetImportWorker3.log
-srvPort
64701
-job-worker-count
11
-background-job-worker-count
8
-gc-helper-count
1
Successfully changed project path to: D:/Downloads/Phantom-Pixel-main (1)/Phantom-Pixel-main/Momentary
D:/Downloads/Phantom-Pixel-main (1)/Phantom-Pixel-main/Momentary
[UnityMemory] Configuration Parameters - Can be set up in boot.config
    "memorysetup-bucket-allocator-granularity=16"
    "memorysetup-bucket-allocator-bucket-count=8"
    "memorysetup-bucket-allocator-block-size=33554432"
    "memorysetup-bucket-allocator-block-count=8"
    "memorysetup-main-allocator-block-size=16777216"
    "memorysetup-thread-allocator-block-size=16777216"
    "memorysetup-gfx-main-allocator-block-size=16777216"
    "memorysetup-gfx-thread-allocator-block-size=16777216"
    "memorysetup-cache-allocator-block-size=4194304"
    "memorysetup-typetree-allocator-block-size=2097152"
    "memorysetup-profiler-bucket-allocator-granularity=16"
    "memorysetup-profiler-bucket-allocator-bucket-count=8"
    "memorysetup-profiler-bucket-allocator-block-size=33554432"
    "memorysetup-profiler-bucket-allocator-block-count=8"
    "memorysetup-profiler-allocator-block-size=16777216"
    "memorysetup-profiler-editor-allocator-block-size=1048576"
    "memorysetup-temp-allocator-size-main=16777216"
    "memorysetup-job-temp-allocator-block-size=2097152"
    "memorysetup-job-temp-allocator-block-size-background=1048576"
    "memorysetup-job-temp-allocator-reduction-small-platforms=262144"
    "memorysetup-allocator-temp-initial-block-size-main=262144"
    "memorysetup-allocator-temp-initial-block-size-worker=262144"
    "memorysetup-temp-allocator-size-background-worker=32768"
    "memorysetup-temp-allocator-size-job-worker=262144"
    "memorysetup-temp-allocator-size-preload-manager=33554432"
    "memorysetup-temp-allocator-size-nav-mesh-worker=65536"
    "memorysetup-temp-allocator-size-audio-worker=65536"
    "memorysetup-temp-allocator-size-cloud-worker=32768"
    "memorysetup-temp-allocator-size-gi-baking-worker=262144"
    "memorysetup-temp-allocator-size-gi-baking-worker=262144"
    "memorysetup-temp-allocator-size-gi-baking-worker=262144"
    "memorysetup-temp-allocator-size-gi-baking-worker=262144"
    "memorysetup-temp-allocator-size-gi-baking-worker=262144"
    "memorysetup-temp-allocator-size-gfx=262144"
Player connection [27376]  Target information:

Player connection [27376]  * "[IP] 192.168.1.125 [Port] 0 [Flags] 2 [Guid] 833241402 [EditorId] 833241402 [Version] 1048832 [Id] WindowsEditor(7,DESKTOP-GOSLMI8) [Debug] 1 [PackageName] WindowsEditor [ProjectName] Editor" 

Player connection [27376] Host joined multi-casting on [225.0.0.222:54997]...
Player connection [27376] Host joined alternative multi-casting on [225.0.0.222:34997]...
JobSystem: Creating JobQueue using job-worker-count value 11
Input System module state changed to: Initialized.
[Physics::Module] Initialized fallback backend.
[Physics::Module] Id: 0xdecafbad
Library Redirect Path: Library/
[Physics::Module] Selected backend.
[Physics::Module] Name: PhysX
[Physics::Module] Id: 0xf2b8ea05
[Physics::Module] SDK Version: 4.1.2
[Physics::Module] Integration Version: 1.0.0
[Physics::Module] Threading Mode: Multi-Threaded
Refreshing native plugins compatible for Editor in 1.97 ms, found 3 plugins.
Preloading 0 native plugins for Editor in 0.00 ms.
Initialize engine version: 6000.0.42f1 (feb9a7235030)
[Subsystems] Discovering subsystems at path C:/Program Files/Unity/Hub/Editor/6000.0.42f1/Editor/Data/Resources/UnitySubsystems
[Subsystems] Discovering subsystems at path D:/Downloads/Phantom-Pixel-main (1)/Phantom-Pixel-main/Momentary/Assets
GfxDevice: creating device client; kGfxThreadingModeNonThreaded
Direct3D:
    Version:  Direct3D 11.0 [level 11.1]
    Renderer: NVIDIA GeForce RTX 4070 Ti (ID=0x2782)
    Vendor:   NVIDIA
    VRAM:     11996 MB
    Driver:   32.0.15.7270
Initialize mono
Mono path[0] = 'C:/Program Files/Unity/Hub/Editor/6000.0.42f1/Editor/Data/Managed'
Mono path[1] = 'C:/Program Files/Unity/Hub/Editor/6000.0.42f1/Editor/Data/MonoBleedingEdge/lib/mono/unityjit-win32'
Mono config path = 'C:/Program Files/Unity/Hub/Editor/6000.0.42f1/Editor/Data/MonoBleedingEdge/etc'
Using monoOptions --debugger-agent=transport=dt_socket,embedding=1,server=y,suspend=n,address=127.0.0.1:56924
Begin MonoManager ReloadAssembly
Registering precompiled unity dll's ...
Register platform support module: C:/Program Files/Unity/Hub/Editor/6000.0.42f1/Editor/Data/PlaybackEngines/WindowsStandaloneSupport/UnityEditor.WindowsStandalone.Extensions.dll
Registered in 0.003590 seconds.
- Loaded All Assemblies, in  0.453 seconds
Native extension for WindowsStandalone target not found
Mono: successfully reloaded assembly
- Finished resetting the current domain, in  0.374 seconds
Domain Reload Profiling: 824ms
	BeginReloadAssembly (162ms)
		ExecutionOrderSort (0ms)
		DisableScriptedObjects (0ms)
		BackupInstance (0ms)
		ReleaseScriptingObjects (0ms)
		CreateAndSetChildDomain (1ms)
	RebuildCommonClasses (45ms)
	RebuildNativeTypeToScriptingClass (13ms)
	initialDomainReloadingComplete (55ms)
	LoadAllAssembliesAndSetupDomain (173ms)
		LoadAssemblies (158ms)
		RebuildTransferFunctionScriptingTraits (0ms)
		AnalyzeDomain (170ms)
			TypeCache.Refresh (168ms)
				TypeCache.ScanAssembly (154ms)
			BuildScriptInfoCaches (0ms)
			ResolveRequiredComponents (1ms)
	FinalizeReload (375ms)
		ReleaseScriptCaches (0ms)
		RebuildScriptCaches (0ms)
		SetupLoadedEditorAssemblies (323ms)
			LogAssemblyErrors (0ms)
			InitializePlatformSupportModulesInManaged (28ms)
			SetLoadedEditorAssemblies (5ms)
			BeforeProcessingInitializeOnLoad (58ms)
			ProcessInitializeOnLoadAttributes (171ms)
			ProcessInitializeOnLoadMethodAttributes (61ms)
			AfterProcessingInitializeOnLoad (0ms)
			EditorAssembliesLoaded (0ms)
		ExecutionOrderSort2 (0ms)
		AwakeInstancesAfterBackupRestoration (0ms)
Assembly reference Packages/com.unity.cinemachine/Editor/Samples/ExposeHDRPInternals/HDRP-Editor-ref.asmref has no target assembly definition
========================================================================
Worker process is ready to serve import requests
Import Worker Mode flag is 0x00
Assembly reference Packages/com.unity.cinemachine/Editor/Samples/ExposeHDRPInternals/HDRP-Editor-ref.asmref has no target assembly definition
Assembly reference Packages/com.unity.cinemachine/Editor/Samples/ExposeHDRPInternals/HDRP-Editor-ref.asmref has no target assembly definition
Begin MonoManager ReloadAssembly
- Loaded All Assemblies, in  0.915 seconds
Assembly reference Packages/com.unity.cinemachine/Editor/Samples/ExposeHDRPInternals/HDRP-Editor-ref.asmref has no target assembly definition
'Packages/com.unity.cinemachine/Editor/Obsolete/CinemachineVirtualCameraBaseEditor.cs' contains partial class of Unity.Object, exactly 1 of the partial classes needs to be in a file with the same filename. This is to know the one that can be referenced from ie. GameObjects
'Packages/com.unity.cinemachine/Editor/Editors/CinemachineVirtualCameraBaseEditor.cs' contains partial class of Unity.Object, exactly 1 of the partial classes needs to be in a file with the same filename. This is to know the one that can be referenced from ie. GameObjects
Refreshing native plugins compatible for Editor in 1.75 ms, found 3 plugins.
Native extension for WindowsStandalone target not found
Assembly reference Packages/com.unity.cinemachine/Editor/Samples/ExposeHDRPInternals/HDRP-Editor-ref.asmref has no target assembly definition
Package Manager log level set to [2]
[Package Manager] Failed to launch server process. Reason: Unity was launched with the -noUpm command-line argument
[Package Manager] Unable to send message (not connected to server process).
[Package Manager] Cannot connect to Unity Package Manager local server
Mono: successfully reloaded assembly
- Finished resetting the current domain, in  0.854 seconds
Domain Reload Profiling: 1765ms
	BeginReloadAssembly (198ms)
		ExecutionOrderSort (0ms)
		DisableScriptedObjects (6ms)
		BackupInstance (0ms)
		ReleaseScriptingObjects (0ms)
		CreateAndSetChildDomain (40ms)
	RebuildCommonClasses (47ms)
	RebuildNativeTypeToScriptingClass (18ms)
	initialDomainReloadingComplete (47ms)
	LoadAllAssembliesAndSetupDomain (601ms)
		LoadAssemblies (393ms)
		RebuildTransferFunctionScriptingTraits (0ms)
		AnalyzeDomain (326ms)
			TypeCache.Refresh (236ms)
				TypeCache.ScanAssembly (217ms)
			BuildScriptInfoCaches (71ms)
			ResolveRequiredComponents (14ms)
	FinalizeReload (855ms)
		ReleaseScriptCaches (0ms)
		RebuildScriptCaches (0ms)
		SetupLoadedEditorAssemblies (670ms)
			LogAssemblyErrors (0ms)
			InitializePlatformSupportModulesInManaged (4ms)
			SetLoadedEditorAssemblies (6ms)
			BeforeProcessingInitializeOnLoad (114ms)
			ProcessInitializeOnLoadAttributes (435ms)
			ProcessInitializeOnLoadMethodAttributes (103ms)
			AfterProcessingInitializeOnLoad (7ms)
			EditorAssembliesLoaded (0ms)
		ExecutionOrderSort2 (0ms)
		AwakeInstancesAfterBackupRestoration (6ms)
Launched and connected shader compiler UnityShaderCompiler.exe after 0.01 seconds
Refreshing native plugins compatible for Editor in 2.38 ms, found 3 plugins.
Preloading 0 native plugins for Editor in 0.00 ms.
Unloading 215 Unused Serialized files (Serialized files now loaded: 0)
Unloading 6462 unused Assets / (4.7 MB). Loaded Objects now: 7171.
Memory consumption went from 168.6 MB to 163.9 MB.
Total: 17.659400 ms (FindLiveObjects: 1.590400 ms CreateObjectMapping: 0.888500 ms MarkObjects: 9.253100 ms  DeleteObjects: 5.925400 ms)

========================================================================
Received Import Request.
  Time since last request: 116079.643183 seconds.
  path: Assets/Resources/3D Rule Tiles/Models/Grass Planes.obj
  artifactKey: Guid(638eb04bb30de99498b11bb427c697f6) Importer(815301076,1909f56bfc062723c751e8b465ee728b)
Start importing Assets/Resources/3D Rule Tiles/Models/Grass Planes.obj using Guid(638eb04bb30de99498b11bb427c697f6) Importer(815301076,1909f56bfc062723c751e8b465ee728b) (PreviewImporter) -> (artifact id: '2f6404631d3fc6ad961a83ccfafa052f') in 0.6335728 seconds
Number of updated asset objects reloaded before import = 0Number of asset objects unloaded after import = 10

========================================================================
Received Import Request.
  Time since last request: 0.000058 seconds.
  path: Assets/Resources/3D Rule Tiles/Models/Seamless Tiles/Middle Corner 2 Beveled Cube.obj
  artifactKey: Guid(3d919e35298bada44bbf7438ba0c8288) Importer(815301076,1909f56bfc062723c751e8b465ee728b)
Start importing Assets/Resources/3D Rule Tiles/Models/Seamless Tiles/Middle Corner 2 Beveled Cube.obj using Guid(3d919e35298bada44bbf7438ba0c8288) Importer(815301076,1909f56bfc062723c751e8b465ee728b) (PreviewImporter) -> (artifact id: 'f1c922c3eb16c408ef0a6beb131fdb5a') in 0.0396347 seconds
Number of updated asset objects reloaded before import = 0Number of asset objects unloaded after import = 10

========================================================================
Received Import Request.
  Time since last request: 0.000042 seconds.
  path: Assets/Resources/3D Rule Tiles/Models/Seamless Tiles/Middle Corner with Side.obj
  artifactKey: Guid(aa631b2ea8ae7304888f3d7bdb364302) Importer(815301076,1909f56bfc062723c751e8b465ee728b)
Start importing Assets/Resources/3D Rule Tiles/Models/Seamless Tiles/Middle Corner with Side.obj using Guid(aa631b2ea8ae7304888f3d7bdb364302) Importer(815301076,1909f56bfc062723c751e8b465ee728b) (PreviewImporter) -> (artifact id: 'c6aaed3d97449e521763271a57e4b210') in 0.0418713 seconds
Number of updated asset objects reloaded before import = 0Number of asset objects unloaded after import = 10

========================================================================
Received Import Request.
  Time since last request: 0.000030 seconds.
  path: Assets/Hunter's Assets/Carpet/Carpet Dirt/Dirt/Materials/Carpet_standardSurface1_BaseMap_sRGB.1001.mat
  artifactKey: Guid(eeb6da0bd6422f54cadc387f5111fd1d) Importer(815301076,1909f56bfc062723c751e8b465ee728b)
Start importing Assets/Hunter's Assets/Carpet/Carpet Dirt/Dirt/Materials/Carpet_standardSurface1_BaseMap_sRGB.1001.mat using Guid(eeb6da0bd6422f54cadc387f5111fd1d) Importer(815301076,1909f56bfc062723c751e8b465ee728b) (PreviewImporter) -> (artifact id: '2181830d7b1f1291ded800eaa5345f74') in 0.0200021 seconds
Number of updated asset objects reloaded before import = 0Number of asset objects unloaded after import = 2

========================================================================
Received Import Request.
  Time since last request: 0.000027 seconds.
  path: Assets/Hunter's Assets/Button/Materials/BUTTON_standardSurface2_Emissive_sRGB.1001.mat
  artifactKey: Guid(d99814ebe848c86478ded26d77f16d2d) Importer(815301076,1909f56bfc062723c751e8b465ee728b)
Start importing Assets/Hunter's Assets/Button/Materials/BUTTON_standardSurface2_Emissive_sRGB.1001.mat using Guid(d99814ebe848c86478ded26d77f16d2d) Importer(815301076,1909f56bfc062723c751e8b465ee728b) (PreviewImporter) -> (artifact id: '3c2d6ec973dfe06379bf4d91dedb974a') in 0.0365516 seconds
Number of updated asset objects reloaded before import = 0Number of asset objects unloaded after import = 2

========================================================================
Received Import Request.
  Time since last request: 0.000045 seconds.
  path: Assets/Hunter's Assets/Carpet/Carpet Dirt/Dirt Stars/Materials/Carpet_standardSurface1_BaseMap_sRGB.1001.mat
  artifactKey: Guid(2fc9e7c1cbd51074a810bb4ed18b8835) Importer(815301076,1909f56bfc062723c751e8b465ee728b)
Start importing Assets/Hunter's Assets/Carpet/Carpet Dirt/Dirt Stars/Materials/Carpet_standardSurface1_BaseMap_sRGB.1001.mat using Guid(2fc9e7c1cbd51074a810bb4ed18b8835) Importer(815301076,1909f56bfc062723c751e8b465ee728b) (PreviewImporter) -> (artifact id: 'a1f66e2dfbdbe558c6c1657ce0c25aba') in 0.0197062 seconds
Number of updated asset objects reloaded before import = 0Number of asset objects unloaded after import = 2

========================================================================
Received Import Request.
  Time since last request: 0.000045 seconds.
  path: Assets/Resources/3D Rule Tiles/Materials/Sand Triplanar.mat
  artifactKey: Guid(8e98d81a310cbf442b274fe73f2f5b6e) Importer(815301076,1909f56bfc062723c751e8b465ee728b)
Start importing Assets/Resources/3D Rule Tiles/Materials/Sand Triplanar.mat using Guid(8e98d81a310cbf442b274fe73f2f5b6e) Importer(815301076,1909f56bfc062723c751e8b465ee728b) (PreviewImporter) -> (artifact id: '955b62b9c9ce6ec6a31873054d30d10d') in 0.0366543 seconds
Number of updated asset objects reloaded before import = 0Number of asset objects unloaded after import = 9

========================================================================
Received Import Request.
  Time since last request: 0.000031 seconds.
  path: Assets/Hunter's Assets/Glass/Flask1/Flask1.fbx
  artifactKey: Guid(817da2b5ed8de894cade35a977ab26ee) Importer(815301076,1909f56bfc062723c751e8b465ee728b)
Start importing Assets/Hunter's Assets/Glass/Flask1/Flask1.fbx using Guid(817da2b5ed8de894cade35a977ab26ee) Importer(815301076,1909f56bfc062723c751e8b465ee728b) (PreviewImporter) -> (artifact id: '70c0d0b5f919358fc9c185f253ae16a0') in 0.0335744 seconds
Number of updated asset objects reloaded before import = 0Number of asset objects unloaded after import = 8

========================================================================
Received Import Request.
  Time since last request: 0.000029 seconds.
  path: Assets/Hunter's Assets/pipe solid L/Pipe Solid L.fbx
  artifactKey: Guid(ff928901848fff741988bc81b6b414f0) Importer(815301076,1909f56bfc062723c751e8b465ee728b)
Start importing Assets/Hunter's Assets/pipe solid L/Pipe Solid L.fbx using Guid(ff928901848fff741988bc81b6b414f0) Importer(815301076,1909f56bfc062723c751e8b465ee728b) (PreviewImporter) -> (artifact id: 'f23ee346a177c655d4f62adc643b1aad') in 0.0289717 seconds
Number of updated asset objects reloaded before import = 0Number of asset objects unloaded after import = 8

========================================================================
Received Import Request.
  Time since last request: 0.000028 seconds.
  path: Assets/Hunter's Assets/Glass/Flask 2.obj
  artifactKey: Guid(2fa6e264493f1f74ba56558f27b8a2bf) Importer(815301076,1909f56bfc062723c751e8b465ee728b)
Start importing Assets/Hunter's Assets/Glass/Flask 2.obj using Guid(2fa6e264493f1f74ba56558f27b8a2bf) Importer(815301076,1909f56bfc062723c751e8b465ee728b) (PreviewImporter) -> (artifact id: 'ff5fc1a90d98b8d38784e46314b4c01e') in 0.035451 seconds
Number of updated asset objects reloaded before import = 0Number of asset objects unloaded after import = 10

========================================================================
Received Import Request.
  Time since last request: 0.000033 seconds.
  path: Assets/TextMesh Pro/Fonts/LiberationSans.ttf
  artifactKey: Guid(e3265ab4bf004d28a9537516768c1c75) Importer(815301076,1909f56bfc062723c751e8b465ee728b)
Start importing Assets/TextMesh Pro/Fonts/LiberationSans.ttf using Guid(e3265ab4bf004d28a9537516768c1c75) Importer(815301076,1909f56bfc062723c751e8b465ee728b) (PreviewImporter) -> (artifact id: '8501a5aea98da5ca596f753fcecac1a5') in 0.0383505 seconds
Number of updated asset objects reloaded before import = 0Number of asset objects unloaded after import = 4

========================================================================
Received Import Request.
  Time since last request: 0.000059 seconds.
  path: Assets/Jenna's Assets/Materials/spotlight_lens.mat
  artifactKey: Guid(8a41341e45a676c4d8bef32ee9039876) Importer(815301076,1909f56bfc062723c751e8b465ee728b)
Start importing Assets/Jenna's Assets/Materials/spotlight_lens.mat using Guid(8a41341e45a676c4d8bef32ee9039876) Importer(815301076,1909f56bfc062723c751e8b465ee728b) (PreviewImporter) -> (artifact id: 'c93e3d65b6907196e3c7a2cfe389bbdb') in 0.0344531 seconds
Number of updated asset objects reloaded before import = 0Number of asset objects unloaded after import = 4

========================================================================
Received Import Request.
  Time since last request: 0.000028 seconds.
  path: Assets/Resources/3D Rule Tiles/Models/Seamless Tiles/Side Beveled Cube.obj
  artifactKey: Guid(19599e5afb2d94d48be8c7fef5c86fab) Importer(815301076,1909f56bfc062723c751e8b465ee728b)
Start importing Assets/Resources/3D Rule Tiles/Models/Seamless Tiles/Side Beveled Cube.obj using Guid(19599e5afb2d94d48be8c7fef5c86fab) Importer(815301076,1909f56bfc062723c751e8b465ee728b) (PreviewImporter) -> (artifact id: 'bb821d74ffd2a2f6cf335935f09a7672') in 0.03865 seconds
Number of updated asset objects reloaded before import = 0Number of asset objects unloaded after import = 10

========================================================================
Received Import Request.
  Time since last request: 0.000037 seconds.
  path: Assets/Resources/3D Rule Tiles/Shaders/Triplanar Shader Graph.shadergraph
  artifactKey: Guid(3c3e8323b9ea6a847b5d288cd3d3b319) Importer(815301076,1909f56bfc062723c751e8b465ee728b)
Start importing Assets/Resources/3D Rule Tiles/Shaders/Triplanar Shader Graph.shadergraph using Guid(3c3e8323b9ea6a847b5d288cd3d3b319) Importer(815301076,1909f56bfc062723c751e8b465ee728b) (PreviewImporter) -> (artifact id: 'bcef712b52e09d48c360330176e2f87d') in 0.0191947 seconds
Number of updated asset objects reloaded before import = 0Number of asset objects unloaded after import = 4

========================================================================
Received Import Request.
  Time since last request: 0.000041 seconds.
  path: Assets/Resources/3D Rule Tiles/Materials/Water.mat
  artifactKey: Guid(1b02625a0b0428b49ab4ff79ad164a54) Importer(815301076,1909f56bfc062723c751e8b465ee728b)
Start importing Assets/Resources/3D Rule Tiles/Materials/Water.mat using Guid(1b02625a0b0428b49ab4ff79ad164a54) Importer(815301076,1909f56bfc062723c751e8b465ee728b) (PreviewImporter) -> (artifact id: 'daddcc296c1d383aa1839b59c3a90842') in 3.1365167 seconds
Number of updated asset objects reloaded before import = 0Number of asset objects unloaded after import = 7

Editor requested this worker to shutdown with reason: Scaling down because of idle timeout
AssetImportWorker is now disconnected from the server
Process exiting
Exiting without the bug reporter. Application will terminate with return code 0